[1.571s] Invoking command in '/root/ws/src/my_bot': PYTHONPATH=/root/ws/build/my_bot/prefix_override:/usr/lib/python3/dist-packages/colcon_core/task/python/colcon_distutils_commands:/root/ws/install/my_bot/lib/python3.12/site-packages:${PYTHONPATH} /usr/bin/python3 -W ignore:setup.py install is deprecated -W ignore:easy_install command is deprecated setup.py egg_info --egg-base ../../build/my_bot build --build-base /root/ws/build/my_bot/build install --record /root/ws/build/my_bot/install.log --single-version-externally-managed install_data
[1.909s] running egg_info
[1.936s] writing ../../build/my_bot/my_bot.egg-info/PKG-INFO
[1.937s] writing dependency_links to ../../build/my_bot/my_bot.egg-info/dependency_links.txt
[1.937s] writing entry points to ../../build/my_bot/my_bot.egg-info/entry_points.txt
[1.937s] writing requirements to ../../build/my_bot/my_bot.egg-info/requires.txt
[1.937s] writing top-level names to ../../build/my_bot/my_bot.egg-info/top_level.txt
[1.993s] reading manifest file '../../build/my_bot/my_bot.egg-info/SOURCES.txt'
[1.996s] writing manifest file '../../build/my_bot/my_bot.egg-info/SOURCES.txt'
[1.996s] running build
[1.996s] running build_py
[1.996s] running install
[2.002s] running install_lib
[2.030s] running install_data
[2.030s] running install_egg_info
[2.055s] removing '/root/ws/install/my_bot/lib/python3.12/site-packages/my_bot-0.0.0-py3.12.egg-info' (and everything under it)
[2.059s] Copying ../../build/my_bot/my_bot.egg-info to /root/ws/install/my_bot/lib/python3.12/site-packages/my_bot-0.0.0-py3.12.egg-info
[2.066s] running install_scripts
[2.230s] Installing astar_planner script to /root/ws/install/my_bot/lib/my_bot
[2.230s] Installing astar_pure_pursuit script to /root/ws/install/my_bot/lib/my_bot
[2.230s] Installing click_to_goal script to /root/ws/install/my_bot/lib/my_bot
[2.231s] Installing emergency_stop script to /root/ws/install/my_bot/lib/my_bot
[2.231s] Installing fake_detector script to /root/ws/install/my_bot/lib/my_bot
[2.231s] Installing pure_pursuit script to /root/ws/install/my_bot/lib/my_bot
[2.232s] Installing pure_pursuit_obstacle script to /root/ws/install/my_bot/lib/my_bot
[2.233s] writing list of installed files to '/root/ws/build/my_bot/install.log'
[2.273s] Invoked command in '/root/ws/src/my_bot' returned '0': PYTHONPATH=/root/ws/build/my_bot/prefix_override:/usr/lib/python3/dist-packages/colcon_core/task/python/colcon_distutils_commands:/root/ws/install/my_bot/lib/python3.12/site-packages:${PYTHONPATH} /usr/bin/python3 -W ignore:setup.py install is deprecated -W ignore:easy_install command is deprecated setup.py egg_info --egg-base ../../build/my_bot build --build-base /root/ws/build/my_bot/build install --record /root/ws/build/my_bot/install.log --single-version-externally-managed install_data
