[1.500s] Invoking command in '/root/ws/src/my_turtle_pkg': PYTHONPATH=/root/ws/build/my_turtle_pkg/prefix_override:/usr/lib/python3/dist-packages/colcon_core/task/python/colcon_distutils_commands:/root/ws/install/my_turtle_pkg/lib/python3.12/site-packages:${PYTHONPATH} /usr/bin/python3 -W ignore:setup.py install is deprecated -W ignore:easy_install command is deprecated setup.py egg_info --egg-base ../../build/my_turtle_pkg build --build-base /root/ws/build/my_turtle_pkg/build install --record /root/ws/build/my_turtle_pkg/install.log --single-version-externally-managed install_data
[1.906s] running egg_info
[1.937s] writing ../../build/my_turtle_pkg/my_turtle_pkg.egg-info/PKG-INFO
[1.937s] writing dependency_links to ../../build/my_turtle_pkg/my_turtle_pkg.egg-info/dependency_links.txt
[1.938s] writing entry points to ../../build/my_turtle_pkg/my_turtle_pkg.egg-info/entry_points.txt
[1.938s] writing requirements to ../../build/my_turtle_pkg/my_turtle_pkg.egg-info/requires.txt
[1.939s] writing top-level names to ../../build/my_turtle_pkg/my_turtle_pkg.egg-info/top_level.txt
[2.006s] reading manifest file '../../build/my_turtle_pkg/my_turtle_pkg.egg-info/SOURCES.txt'
[2.007s] writing manifest file '../../build/my_turtle_pkg/my_turtle_pkg.egg-info/SOURCES.txt'
[2.007s] running build
[2.008s] running build_py
[2.008s] running install
[2.015s] running install_lib
[2.046s] running install_data
[2.046s] running install_egg_info
[2.081s] removing '/root/ws/install/my_turtle_pkg/lib/python3.12/site-packages/my_turtle_pkg-0.0.0-py3.12.egg-info' (and everything under it)
[2.081s] Copying ../../build/my_turtle_pkg/my_turtle_pkg.egg-info to /root/ws/install/my_turtle_pkg/lib/python3.12/site-packages/my_turtle_pkg-0.0.0-py3.12.egg-info
[2.084s] running install_scripts
[2.283s] Installing circle_node script to /root/ws/install/my_turtle_pkg/lib/my_turtle_pkg
[2.283s] Installing image_listener script to /root/ws/install/my_turtle_pkg/lib/my_turtle_pkg
[2.283s] Installing image_repub script to /root/ws/install/my_turtle_pkg/lib/my_turtle_pkg
[2.284s] Installing listener script to /root/ws/install/my_turtle_pkg/lib/my_turtle_pkg
[2.284s] Installing talker script to /root/ws/install/my_turtle_pkg/lib/my_turtle_pkg
[2.284s] writing list of installed files to '/root/ws/build/my_turtle_pkg/install.log'
[2.344s] Invoked command in '/root/ws/src/my_turtle_pkg' returned '0': PYTHONPATH=/root/ws/build/my_turtle_pkg/prefix_override:/usr/lib/python3/dist-packages/colcon_core/task/python/colcon_distutils_commands:/root/ws/install/my_turtle_pkg/lib/python3.12/site-packages:${PYTHONPATH} /usr/bin/python3 -W ignore:setup.py install is deprecated -W ignore:easy_install command is deprecated setup.py egg_info --egg-base ../../build/my_turtle_pkg build --build-base /root/ws/build/my_turtle_pkg/build install --record /root/ws/build/my_turtle_pkg/install.log --single-version-externally-managed install_data
