[1.877s] Invoking command in '/root/ws/src/my_bot': PYTHONPATH=/root/ws/build/my_bot/prefix_override:/usr/lib/python3/dist-packages/colcon_core/task/python/colcon_distutils_commands:/root/ws/install/my_bot/lib/python3.12/site-packages:${PYTHONPATH} /usr/bin/python3 -W ignore:setup.py install is deprecated -W ignore:easy_install command is deprecated setup.py egg_info --egg-base ../../build/my_bot build --build-base /root/ws/build/my_bot/build install --record /root/ws/build/my_bot/install.log --single-version-externally-managed install_data
[2.180s] running egg_info
[2.203s] writing ../../build/my_bot/my_bot.egg-info/PKG-INFO
[2.203s] writing dependency_links to ../../build/my_bot/my_bot.egg-info/dependency_links.txt
[2.204s] writing entry points to ../../build/my_bot/my_bot.egg-info/entry_points.txt
[2.204s] writing requirements to ../../build/my_bot/my_bot.egg-info/requires.txt
[2.204s] writing top-level names to ../../build/my_bot/my_bot.egg-info/top_level.txt
[2.255s] reading manifest file '../../build/my_bot/my_bot.egg-info/SOURCES.txt'
[2.258s] writing manifest file '../../build/my_bot/my_bot.egg-info/SOURCES.txt'
[2.258s] running build
[2.258s] running build_py
[2.259s] running install
[2.264s] running install_lib
[2.294s] running install_data
[2.295s] running install_egg_info
[2.319s] removing '/root/ws/install/my_bot/lib/python3.12/site-packages/my_bot-0.0.0-py3.12.egg-info' (and everything under it)
[2.320s] Copying ../../build/my_bot/my_bot.egg-info to /root/ws/install/my_bot/lib/python3.12/site-packages/my_bot-0.0.0-py3.12.egg-info
[2.321s] running install_scripts
[2.472s] Installing astar_planner script to /root/ws/install/my_bot/lib/my_bot
[2.473s] Installing astar_pure_pursuit script to /root/ws/install/my_bot/lib/my_bot
[2.473s] Installing click_to_goal script to /root/ws/install/my_bot/lib/my_bot
[2.473s] Installing emergency_stop script to /root/ws/install/my_bot/lib/my_bot
[2.474s] Installing fake_detector script to /root/ws/install/my_bot/lib/my_bot
[2.475s] Installing pure_pursuit script to /root/ws/install/my_bot/lib/my_bot
[2.475s] Installing pure_pursuit_obstacle script to /root/ws/install/my_bot/lib/my_bot
[2.475s] writing list of installed files to '/root/ws/build/my_bot/install.log'
[2.540s] Invoked command in '/root/ws/src/my_bot' returned '0': PYTHONPATH=/root/ws/build/my_bot/prefix_override:/usr/lib/python3/dist-packages/colcon_core/task/python/colcon_distutils_commands:/root/ws/install/my_bot/lib/python3.12/site-packages:${PYTHONPATH} /usr/bin/python3 -W ignore:setup.py install is deprecated -W ignore:easy_install command is deprecated setup.py egg_info --egg-base ../../build/my_bot build --build-base /root/ws/build/my_bot/build install --record /root/ws/build/my_bot/install.log --single-version-externally-managed install_data
