[2.205s] Invoking command in '/root/ws/src/my_turtle_pkg': PYTHONPATH=/root/ws/build/my_turtle_pkg/prefix_override:/usr/lib/python3/dist-packages/colcon_core/task/python/colcon_distutils_commands:/root/ws/install/my_turtle_pkg/lib/python3.12/site-packages:${PYTHONPATH} /usr/bin/python3 -W ignore:setup.py install is deprecated -W ignore:easy_install command is deprecated setup.py egg_info --egg-base ../../build/my_turtle_pkg build --build-base /root/ws/build/my_turtle_pkg/build install --record /root/ws/build/my_turtle_pkg/install.log --single-version-externally-managed install_data
[2.771s] running egg_info
[2.815s] writing ../../build/my_turtle_pkg/my_turtle_pkg.egg-info/PKG-INFO
[2.816s] writing dependency_links to ../../build/my_turtle_pkg/my_turtle_pkg.egg-info/dependency_links.txt
[2.816s] writing entry points to ../../build/my_turtle_pkg/my_turtle_pkg.egg-info/entry_points.txt
[2.816s] writing requirements to ../../build/my_turtle_pkg/my_turtle_pkg.egg-info/requires.txt
[2.816s] writing top-level names to ../../build/my_turtle_pkg/my_turtle_pkg.egg-info/top_level.txt
[2.901s] reading manifest file '../../build/my_turtle_pkg/my_turtle_pkg.egg-info/SOURCES.txt'
[2.901s] writing manifest file '../../build/my_turtle_pkg/my_turtle_pkg.egg-info/SOURCES.txt'
[2.902s] running build
[2.902s] running build_py
[2.902s] running install
[2.918s] running install_lib
[2.963s] running install_data
[2.963s] running install_egg_info
[3.028s] removing '/root/ws/install/my_turtle_pkg/lib/python3.12/site-packages/my_turtle_pkg-0.0.0-py3.12.egg-info' (and everything under it)
[3.029s] Copying ../../build/my_turtle_pkg/my_turtle_pkg.egg-info to /root/ws/install/my_turtle_pkg/lib/python3.12/site-packages/my_turtle_pkg-0.0.0-py3.12.egg-info
[3.031s] running install_scripts
[3.538s] Installing circle_node script to /root/ws/install/my_turtle_pkg/lib/my_turtle_pkg
[3.538s] Installing image_listener script to /root/ws/install/my_turtle_pkg/lib/my_turtle_pkg
[3.542s] Installing image_repub script to /root/ws/install/my_turtle_pkg/lib/my_turtle_pkg
[3.542s] Installing listener script to /root/ws/install/my_turtle_pkg/lib/my_turtle_pkg
[3.542s] Installing talker script to /root/ws/install/my_turtle_pkg/lib/my_turtle_pkg
[3.542s] writing list of installed files to '/root/ws/build/my_turtle_pkg/install.log'
[3.622s] Invoked command in '/root/ws/src/my_turtle_pkg' returned '0': PYTHONPATH=/root/ws/build/my_turtle_pkg/prefix_override:/usr/lib/python3/dist-packages/colcon_core/task/python/colcon_distutils_commands:/root/ws/install/my_turtle_pkg/lib/python3.12/site-packages:${PYTHONPATH} /usr/bin/python3 -W ignore:setup.py install is deprecated -W ignore:easy_install command is deprecated setup.py egg_info --egg-base ../../build/my_turtle_pkg build --build-base /root/ws/build/my_turtle_pkg/build install --record /root/ws/build/my_turtle_pkg/install.log --single-version-externally-managed install_data
