[3.365s] Invoking command in '/root/ws/src/my_bot': PYTHONPATH=/root/ws/build/my_bot/prefix_override:/usr/lib/python3/dist-packages/colcon_core/task/python/colcon_distutils_commands:/root/ws/install/my_bot/lib/python3.12/site-packages:${PYTHONPATH} /usr/bin/python3 -W ignore:setup.py install is deprecated -W ignore:easy_install command is deprecated setup.py egg_info --egg-base ../../build/my_bot build --build-base /root/ws/build/my_bot/build install --record /root/ws/build/my_bot/install.log --single-version-externally-managed install_data
[3.754s] running egg_info
[3.778s] writing ../../build/my_bot/my_bot.egg-info/PKG-INFO
[3.779s] writing dependency_links to ../../build/my_bot/my_bot.egg-info/dependency_links.txt
[3.779s] writing entry points to ../../build/my_bot/my_bot.egg-info/entry_points.txt
[3.780s] writing requirements to ../../build/my_bot/my_bot.egg-info/requires.txt
[3.780s] writing top-level names to ../../build/my_bot/my_bot.egg-info/top_level.txt
[3.848s] reading manifest file '../../build/my_bot/my_bot.egg-info/SOURCES.txt'
[3.849s] writing manifest file '../../build/my_bot/my_bot.egg-info/SOURCES.txt'
[3.849s] running build
[3.849s] running build_py
[3.851s] running install
[3.858s] running install_lib
[3.894s] running install_data
[3.896s] running install_egg_info
[3.921s] removing '/root/ws/install/my_bot/lib/python3.12/site-packages/my_bot-0.0.0-py3.12.egg-info' (and everything under it)
[3.921s] Copying ../../build/my_bot/my_bot.egg-info to /root/ws/install/my_bot/lib/python3.12/site-packages/my_bot-0.0.0-py3.12.egg-info
[3.924s] running install_scripts
[4.105s] Installing astar_planner script to /root/ws/install/my_bot/lib/my_bot
[4.106s] Installing click_to_goal script to /root/ws/install/my_bot/lib/my_bot
[4.106s] Installing pure_pursuit script to /root/ws/install/my_bot/lib/my_bot
[4.106s] Installing pure_pursuit_obstacle script to /root/ws/install/my_bot/lib/my_bot
[4.107s] writing list of installed files to '/root/ws/build/my_bot/install.log'
[4.160s] Invoked command in '/root/ws/src/my_bot' returned '0': PYTHONPATH=/root/ws/build/my_bot/prefix_override:/usr/lib/python3/dist-packages/colcon_core/task/python/colcon_distutils_commands:/root/ws/install/my_bot/lib/python3.12/site-packages:${PYTHONPATH} /usr/bin/python3 -W ignore:setup.py install is deprecated -W ignore:easy_install command is deprecated setup.py egg_info --egg-base ../../build/my_bot build --build-base /root/ws/build/my_bot/build install --record /root/ws/build/my_bot/install.log --single-version-externally-managed install_data
