[1.969s] Invoking command in '/root/ws/src/my_turtle_pkg': PYTHONPATH=/root/ws/build/my_turtle_pkg/prefix_override:/usr/lib/python3/dist-packages/colcon_core/task/python/colcon_distutils_commands:/root/ws/install/my_turtle_pkg/lib/python3.12/site-packages:${PYTHONPATH} /usr/bin/python3 -W ignore:setup.py install is deprecated -W ignore:easy_install command is deprecated setup.py egg_info --egg-base ../../build/my_turtle_pkg build --build-base /root/ws/build/my_turtle_pkg/build install --record /root/ws/build/my_turtle_pkg/install.log --single-version-externally-managed install_data
[2.530s] running egg_info
[2.570s] writing ../../build/my_turtle_pkg/my_turtle_pkg.egg-info/PKG-INFO
[2.570s] writing dependency_links to ../../build/my_turtle_pkg/my_turtle_pkg.egg-info/dependency_links.txt
[2.570s] writing entry points to ../../build/my_turtle_pkg/my_turtle_pkg.egg-info/entry_points.txt
[2.570s] writing requirements to ../../build/my_turtle_pkg/my_turtle_pkg.egg-info/requires.txt
[2.570s] writing top-level names to ../../build/my_turtle_pkg/my_turtle_pkg.egg-info/top_level.txt
[2.641s] reading manifest file '../../build/my_turtle_pkg/my_turtle_pkg.egg-info/SOURCES.txt'
[2.642s] writing manifest file '../../build/my_turtle_pkg/my_turtle_pkg.egg-info/SOURCES.txt'
[2.642s] running build
[2.642s] running build_py
[2.643s] running install
[2.652s] running install_lib
[2.691s] running install_data
[2.692s] running install_egg_info
[2.736s] removing '/root/ws/install/my_turtle_pkg/lib/python3.12/site-packages/my_turtle_pkg-0.0.0-py3.12.egg-info' (and everything under it)
[2.737s] Copying ../../build/my_turtle_pkg/my_turtle_pkg.egg-info to /root/ws/install/my_turtle_pkg/lib/python3.12/site-packages/my_turtle_pkg-0.0.0-py3.12.egg-info
[2.739s] running install_scripts
[3.005s] Installing circle_node script to /root/ws/install/my_turtle_pkg/lib/my_turtle_pkg
[3.018s] Installing image_listener script to /root/ws/install/my_turtle_pkg/lib/my_turtle_pkg
[3.018s] Installing image_repub script to /root/ws/install/my_turtle_pkg/lib/my_turtle_pkg
[3.018s] Installing listener script to /root/ws/install/my_turtle_pkg/lib/my_turtle_pkg
[3.018s] Installing talker script to /root/ws/install/my_turtle_pkg/lib/my_turtle_pkg
[3.018s] writing list of installed files to '/root/ws/build/my_turtle_pkg/install.log'
[3.081s] Invoked command in '/root/ws/src/my_turtle_pkg' returned '0': PYTHONPATH=/root/ws/build/my_turtle_pkg/prefix_override:/usr/lib/python3/dist-packages/colcon_core/task/python/colcon_distutils_commands:/root/ws/install/my_turtle_pkg/lib/python3.12/site-packages:${PYTHONPATH} /usr/bin/python3 -W ignore:setup.py install is deprecated -W ignore:easy_install command is deprecated setup.py egg_info --egg-base ../../build/my_turtle_pkg build --build-base /root/ws/build/my_turtle_pkg/build install --record /root/ws/build/my_turtle_pkg/install.log --single-version-externally-managed install_data
