[0.303s] DEBUG:colcon:Command line arguments: ['/usr/bin/colcon', 'build']
[0.304s] DEBUG:colcon:Parsed command line arguments: Namespace(log_base=None, log_level=None, verb_name='build', build_base='build', install_base='install', merge_install=False, symlink_install=False, test_result_base=None, continue_on_error=False, executor='parallel', parallel_workers=8, event_handlers=None, ignore_user_meta=False, metas=['./colcon.meta'], base_paths=['.'], packages_ignore=None, packages_ignore_regex=None, paths=None, packages_up_to=None, packages_up_to_regex=None, packages_above=None, packages_above_and_dependencies=None, packages_above_depth=None, packages_select_by_dep=None, packages_skip_by_dep=None, packages_skip_up_to=None, packages_select_build_failed=False, packages_skip_build_finished=False, packages_select_test_failures=False, packages_skip_test_passed=False, packages_select=None, packages_skip=None, packages_select_regex=None, packages_skip_regex=None, packages_start=None, packages_end=None, cmake_args=None, cmake_target=None, cmake_target_skip_unavailable=False, cmake_clean_cache=False, cmake_clean_first=False, cmake_force_configure=False, ament_cmake_args=None, catkin_cmake_args=None, catkin_skip_building_tests=False, verb_parser=<colcon_defaults.argument_parser.defaults.DefaultArgumentsDecorator object at 0x7cd6a0c0eae0>, verb_extension=<colcon_core.verb.build.BuildVerb object at 0x7cd6a0d3ad80>, main=<bound method BuildVerb.main of <colcon_core.verb.build.BuildVerb object at 0x7cd6a0d3ad80>>)
[0.377s] Level 1:colcon.colcon_core.package_discovery:discover_packages(colcon_meta) check parameters
[0.377s] Level 1:colcon.colcon_core.package_discovery:discover_packages(recursive) check parameters
[0.378s] Level 1:colcon.colcon_core.package_discovery:discover_packages(ignore) check parameters
[0.378s] Level 1:colcon.colcon_core.package_discovery:discover_packages(path) check parameters
[0.378s] Level 1:colcon.colcon_core.package_discovery:discover_packages(colcon_meta) discover
[0.378s] Level 1:colcon.colcon_core.package_discovery:discover_packages(recursive) discover
[0.378s] INFO:colcon.colcon_core.package_discovery:Crawling recursively for packages in '/root/ws'
[0.378s] Level 1:colcon.colcon_core.package_identification:_identify(.) by extensions ['ignore', 'ignore_ament_install']
[0.378s] Level 1:colcon.colcon_core.package_identification:_identify(.) by extension 'ignore'
[0.378s] Level 1:colcon.colcon_core.package_identification:_identify(.) by extension 'ignore_ament_install'
[0.378s] Level 1:colcon.colcon_core.package_identification:_identify(.) by extensions ['colcon_pkg']
[0.378s] Level 1:colcon.colcon_core.package_identification:_identify(.) by extension 'colcon_pkg'
[0.378s] Level 1:colcon.colcon_core.package_identification:_identify(.) by extensions ['colcon_meta']
[0.379s] Level 1:colcon.colcon_core.package_identification:_identify(.) by extension 'colcon_meta'
[0.379s] Level 1:colcon.colcon_core.package_identification:_identify(.) by extensions ['ros']
[0.379s] Level 1:colcon.colcon_core.package_identification:_identify(.) by extension 'ros'
[0.429s] Level 1:colcon.colcon_core.package_identification:_identify(.) by extensions ['cmake', 'python']
[0.429s] Level 1:colcon.colcon_core.package_identification:_identify(.) by extension 'cmake'
[0.429s] Level 1:colcon.colcon_core.package_identification:_identify(.) by extension 'python'
[0.429s] Level 1:colcon.colcon_core.package_identification:_identify(.) by extensions ['python_setup_py']
[0.429s] Level 1:colcon.colcon_core.package_identification:_identify(.) by extension 'python_setup_py'
[0.430s] Level 1:colcon.colcon_core.package_identification:_identify(build) by extensions ['ignore', 'ignore_ament_install']
[0.430s] Level 1:colcon.colcon_core.package_identification:_identify(build) by extension 'ignore'
[0.430s] Level 1:colcon.colcon_core.package_identification:_identify(build) ignored
[0.430s] Level 1:colcon.colcon_core.package_identification:_identify(install) by extensions ['ignore', 'ignore_ament_install']
[0.430s] Level 1:colcon.colcon_core.package_identification:_identify(install) by extension 'ignore'
[0.430s] Level 1:colcon.colcon_core.package_identification:_identify(install) ignored
[0.430s] Level 1:colcon.colcon_core.package_identification:_identify(log) by extensions ['ignore', 'ignore_ament_install']
[0.431s] Level 1:colcon.colcon_core.package_identification:_identify(log) by extension 'ignore'
[0.431s] Level 1:colcon.colcon_core.package_identification:_identify(log) ignored
[0.431s] Level 1:colcon.colcon_core.package_identification:_identify(src) by extensions ['ignore', 'ignore_ament_install']
[0.431s] Level 1:colcon.colcon_core.package_identification:_identify(src) by extension 'ignore'
[0.431s] Level 1:colcon.colcon_core.package_identification:_identify(src) by extension 'ignore_ament_install'
[0.431s] Level 1:colcon.colcon_core.package_identification:_identify(src) by extensions ['colcon_pkg']
[0.431s] Level 1:colcon.colcon_core.package_identification:_identify(src) by extension 'colcon_pkg'
[0.431s] Level 1:colcon.colcon_core.package_identification:_identify(src) by extensions ['colcon_meta']
[0.431s] Level 1:colcon.colcon_core.package_identification:_identify(src) by extension 'colcon_meta'
[0.431s] Level 1:colcon.colcon_core.package_identification:_identify(src) by extensions ['ros']
[0.431s] Level 1:colcon.colcon_core.package_identification:_identify(src) by extension 'ros'
[0.432s] Level 1:colcon.colcon_core.package_identification:_identify(src) by extensions ['cmake', 'python']
[0.432s] Level 1:colcon.colcon_core.package_identification:_identify(src) by extension 'cmake'
[0.432s] Level 1:colcon.colcon_core.package_identification:_identify(src) by extension 'python'
[0.432s] Level 1:colcon.colcon_core.package_identification:_identify(src) by extensions ['python_setup_py']
[0.433s] Level 1:colcon.colcon_core.package_identification:_identify(src) by extension 'python_setup_py'
[0.433s] Level 1:colcon.colcon_core.package_identification:_identify(src/my_bot) by extensions ['ignore', 'ignore_ament_install']
[0.433s] Level 1:colcon.colcon_core.package_identification:_identify(src/my_bot) by extension 'ignore'
[0.433s] Level 1:colcon.colcon_core.package_identification:_identify(src/my_bot) by extension 'ignore_ament_install'
[0.433s] Level 1:colcon.colcon_core.package_identification:_identify(src/my_bot) by extensions ['colcon_pkg']
[0.433s] Level 1:colcon.colcon_core.package_identification:_identify(src/my_bot) by extension 'colcon_pkg'
[0.434s] Level 1:colcon.colcon_core.package_identification:_identify(src/my_bot) by extensions ['colcon_meta']
[0.434s] Level 1:colcon.colcon_core.package_identification:_identify(src/my_bot) by extension 'colcon_meta'
[0.434s] Level 1:colcon.colcon_core.package_identification:_identify(src/my_bot) by extensions ['ros']
[0.434s] Level 1:colcon.colcon_core.package_identification:_identify(src/my_bot) by extension 'ros'
[0.441s] DEBUG:colcon.colcon_core.package_identification:Package 'src/my_bot' with type 'ros.ament_python' and name 'my_bot'
[0.441s] Level 1:colcon.colcon_core.package_identification:_identify(src/my_turtle_pkg) by extensions ['ignore', 'ignore_ament_install']
[0.441s] Level 1:colcon.colcon_core.package_identification:_identify(src/my_turtle_pkg) by extension 'ignore'
[0.441s] Level 1:colcon.colcon_core.package_identification:_identify(src/my_turtle_pkg) by extension 'ignore_ament_install'
[0.441s] Level 1:colcon.colcon_core.package_identification:_identify(src/my_turtle_pkg) by extensions ['colcon_pkg']
[0.441s] Level 1:colcon.colcon_core.package_identification:_identify(src/my_turtle_pkg) by extension 'colcon_pkg'
[0.442s] Level 1:colcon.colcon_core.package_identification:_identify(src/my_turtle_pkg) by extensions ['colcon_meta']
[0.442s] Level 1:colcon.colcon_core.package_identification:_identify(src/my_turtle_pkg) by extension 'colcon_meta'
[0.442s] Level 1:colcon.colcon_core.package_identification:_identify(src/my_turtle_pkg) by extensions ['ros']
[0.442s] Level 1:colcon.colcon_core.package_identification:_identify(src/my_turtle_pkg) by extension 'ros'
[0.443s] DEBUG:colcon.colcon_core.package_identification:Package 'src/my_turtle_pkg' with type 'ros.ament_python' and name 'my_turtle_pkg'
[0.443s] Level 1:colcon.colcon_core.package_discovery:discover_packages(recursive) using defaults
[0.443s] Level 1:colcon.colcon_core.package_discovery:discover_packages(ignore) discover
[0.443s] Level 1:colcon.colcon_core.package_discovery:discover_packages(ignore) using defaults
[0.443s] Level 1:colcon.colcon_core.package_discovery:discover_packages(path) discover
[0.443s] Level 1:colcon.colcon_core.package_discovery:discover_packages(path) using defaults
[0.476s] Level 5:colcon.colcon_core.verb:set package 'my_bot' build argument 'cmake_args' from command line to 'None'
[0.476s] Level 5:colcon.colcon_core.verb:set package 'my_bot' build argument 'cmake_target' from command line to 'None'
[0.476s] Level 5:colcon.colcon_core.verb:set package 'my_bot' build argument 'cmake_target_skip_unavailable' from command line to 'False'
[0.476s] Level 5:colcon.colcon_core.verb:set package 'my_bot' build argument 'cmake_clean_cache' from command line to 'False'
[0.476s] Level 5:colcon.colcon_core.verb:set package 'my_bot' build argument 'cmake_clean_first' from command line to 'False'
[0.476s] Level 5:colcon.colcon_core.verb:set package 'my_bot' build argument 'cmake_force_configure' from command line to 'False'
[0.476s] Level 5:colcon.colcon_core.verb:set package 'my_bot' build argument 'ament_cmake_args' from command line to 'None'
[0.476s] Level 5:colcon.colcon_core.verb:set package 'my_bot' build argument 'catkin_cmake_args' from command line to 'None'
[0.476s] Level 5:colcon.colcon_core.verb:set package 'my_bot' build argument 'catkin_skip_building_tests' from command line to 'False'
[0.476s] DEBUG:colcon.colcon_core.verb:Building package 'my_bot' with the following arguments: {'ament_cmake_args': None, 'build_base': '/root/ws/build/my_bot', 'catkin_cmake_args': None, 'catkin_skip_building_tests': False, 'cmake_args': None, 'cmake_clean_cache': False, 'cmake_clean_first': False, 'cmake_force_configure': False, 'cmake_target': None, 'cmake_target_skip_unavailable': False, 'install_base': '/root/ws/install/my_bot', 'merge_install': False, 'path': '/root/ws/src/my_bot', 'symlink_install': False, 'test_result_base': None}
[0.476s] Level 5:colcon.colcon_core.verb:set package 'my_turtle_pkg' build argument 'cmake_args' from command line to 'None'
[0.476s] Level 5:colcon.colcon_core.verb:set package 'my_turtle_pkg' build argument 'cmake_target' from command line to 'None'
[0.476s] Level 5:colcon.colcon_core.verb:set package 'my_turtle_pkg' build argument 'cmake_target_skip_unavailable' from command line to 'False'
[0.476s] Level 5:colcon.colcon_core.verb:set package 'my_turtle_pkg' build argument 'cmake_clean_cache' from command line to 'False'
[0.476s] Level 5:colcon.colcon_core.verb:set package 'my_turtle_pkg' build argument 'cmake_clean_first' from command line to 'False'
[0.476s] Level 5:colcon.colcon_core.verb:set package 'my_turtle_pkg' build argument 'cmake_force_configure' from command line to 'False'
[0.476s] Level 5:colcon.colcon_core.verb:set package 'my_turtle_pkg' build argument 'ament_cmake_args' from command line to 'None'
[0.476s] Level 5:colcon.colcon_core.verb:set package 'my_turtle_pkg' build argument 'catkin_cmake_args' from command line to 'None'
[0.476s] Level 5:colcon.colcon_core.verb:set package 'my_turtle_pkg' build argument 'catkin_skip_building_tests' from command line to 'False'
[0.476s] DEBUG:colcon.colcon_core.verb:Building package 'my_turtle_pkg' with the following arguments: {'ament_cmake_args': None, 'build_base': '/root/ws/build/my_turtle_pkg', 'catkin_cmake_args': None, 'catkin_skip_building_tests': False, 'cmake_args': None, 'cmake_clean_cache': False, 'cmake_clean_first': False, 'cmake_force_configure': False, 'cmake_target': None, 'cmake_target_skip_unavailable': False, 'install_base': '/root/ws/install/my_turtle_pkg', 'merge_install': False, 'path': '/root/ws/src/my_turtle_pkg', 'symlink_install': False, 'test_result_base': None}
[0.476s] INFO:colcon.colcon_core.executor:Executing jobs using 'parallel' executor
[0.478s] DEBUG:colcon.colcon_parallel_executor.executor.parallel:run_until_complete
[0.479s] INFO:colcon.colcon_ros.task.ament_python.build:Building ROS package in '/root/ws/src/my_bot' with build type 'ament_python'
[0.479s] Level 1:colcon.colcon_core.shell:create_environment_hook('my_bot', 'ament_prefix_path')
[0.484s] INFO:colcon.colcon_core.plugin_system:Skipping extension 'colcon_core.shell.bat': Not used on non-Windows systems
[0.484s] INFO:colcon.colcon_core.shell:Creating environment descriptor '/root/ws/install/my_bot/share/my_bot/hook/ament_prefix_path.dsv'
[0.485s] INFO:colcon.colcon_core.shell:Creating environment hook '/root/ws/install/my_bot/share/my_bot/hook/ament_prefix_path.sh'
[0.486s] DEBUG:colcon.colcon_core.shell:Skip shell extension 'dsv' for command environment
[0.494s] INFO:colcon.colcon_ros.task.ament_python.build:Building ROS package in '/root/ws/src/my_turtle_pkg' with build type 'ament_python'
[0.494s] Level 1:colcon.colcon_core.shell:create_environment_hook('my_turtle_pkg', 'ament_prefix_path')
[0.494s] INFO:colcon.colcon_core.shell:Creating environment descriptor '/root/ws/install/my_turtle_pkg/share/my_turtle_pkg/hook/ament_prefix_path.dsv'
[0.499s] INFO:colcon.colcon_core.shell:Creating environment hook '/root/ws/install/my_turtle_pkg/share/my_turtle_pkg/hook/ament_prefix_path.sh'
[0.499s] DEBUG:colcon.colcon_core.shell:Skip shell extension 'dsv' for command environment
[1.033s] INFO:colcon.colcon_core.task.python.build:Building Python package in '/root/ws/src/my_bot'
[1.033s] DEBUG:colcon.colcon_core.shell:Skip shell extension 'dsv' for command environment
[1.480s] INFO:colcon.colcon_core.task.python.build:Building Python package in '/root/ws/src/my_turtle_pkg'
[1.481s] DEBUG:colcon.colcon_core.shell:Skip shell extension 'dsv' for command environment
[2.799s] DEBUG:colcon.colcon_core.event_handler.log_command:Invoking command in '/root/ws/src/my_bot': PYTHONPATH=/root/ws/build/my_bot/prefix_override:/usr/lib/python3/dist-packages/colcon_core/task/python/colcon_distutils_commands:/root/ws/install/my_bot/lib/python3.12/site-packages:${PYTHONPATH} /usr/bin/python3 -W ignore:setup.py install is deprecated -W ignore:easy_install command is deprecated setup.py egg_info --egg-base ../../build/my_bot build --build-base /root/ws/build/my_bot/build install --record /root/ws/build/my_bot/install.log --single-version-externally-managed install_data
[2.830s] DEBUG:colcon.colcon_core.event_handler.log_command:Invoking command in '/root/ws/src/my_turtle_pkg': PYTHONPATH=/root/ws/build/my_turtle_pkg/prefix_override:/usr/lib/python3/dist-packages/colcon_core/task/python/colcon_distutils_commands:/root/ws/install/my_turtle_pkg/lib/python3.12/site-packages:${PYTHONPATH} /usr/bin/python3 -W ignore:setup.py install is deprecated -W ignore:easy_install command is deprecated setup.py egg_info --egg-base ../../build/my_turtle_pkg build --build-base /root/ws/build/my_turtle_pkg/build install --record /root/ws/build/my_turtle_pkg/install.log --single-version-externally-managed install_data
[4.054s] DEBUG:colcon.colcon_core.event_handler.log_command:Invoked command in '/root/ws/src/my_bot' returned '0': PYTHONPATH=/root/ws/build/my_bot/prefix_override:/usr/lib/python3/dist-packages/colcon_core/task/python/colcon_distutils_commands:/root/ws/install/my_bot/lib/python3.12/site-packages:${PYTHONPATH} /usr/bin/python3 -W ignore:setup.py install is deprecated -W ignore:easy_install command is deprecated setup.py egg_info --egg-base ../../build/my_bot build --build-base /root/ws/build/my_bot/build install --record /root/ws/build/my_bot/install.log --single-version-externally-managed install_data
[4.058s] Level 1:colcon.colcon_core.environment:checking '/root/ws/install/my_bot' for CMake module files
[4.059s] Level 1:colcon.colcon_core.environment:checking '/root/ws/install/my_bot' for CMake config files
[4.062s] Level 1:colcon.colcon_core.environment:checking '/root/ws/install/my_bot/lib'
[4.062s] Level 1:colcon.colcon_core.environment:checking '/root/ws/install/my_bot/bin'
[4.062s] Level 1:colcon.colcon_core.environment:checking '/root/ws/install/my_bot/lib/pkgconfig/my_bot.pc'
[4.063s] Level 1:colcon.colcon_core.environment:checking '/root/ws/install/my_bot/lib/python3.12/site-packages'
[4.063s] Level 1:colcon.colcon_core.shell:create_environment_hook('my_bot', 'pythonpath')
[4.063s] INFO:colcon.colcon_core.shell:Creating environment descriptor '/root/ws/install/my_bot/share/my_bot/hook/pythonpath.dsv'
[4.064s] INFO:colcon.colcon_core.shell:Creating environment hook '/root/ws/install/my_bot/share/my_bot/hook/pythonpath.sh'
[4.065s] Level 1:colcon.colcon_core.environment:checking '/root/ws/install/my_bot/bin'
[4.065s] Level 1:colcon.colcon_core.environment:create_environment_scripts_only(my_bot)
[4.065s] INFO:colcon.colcon_core.shell:Creating package descriptor '/root/ws/install/my_bot/share/my_bot/package.dsv'
[4.066s] INFO:colcon.colcon_core.shell:Creating package script '/root/ws/install/my_bot/share/my_bot/package.sh'
[4.068s] INFO:colcon.colcon_core.shell:Creating package script '/root/ws/install/my_bot/share/my_bot/package.bash'
[4.069s] INFO:colcon.colcon_core.shell:Creating package script '/root/ws/install/my_bot/share/my_bot/package.zsh'
[4.069s] Level 1:colcon.colcon_core.environment:create_file_with_runtime_dependencies(/root/ws/install/my_bot/share/colcon-core/packages/my_bot)
[4.076s] Level 1:colcon.colcon_core.environment:checking '/root/ws/install/my_turtle_pkg' for CMake module files
[4.077s] Level 1:colcon.colcon_core.environment:checking '/root/ws/install/my_turtle_pkg' for CMake config files
[4.078s] Level 1:colcon.colcon_core.environment:checking '/root/ws/install/my_turtle_pkg/lib'
[4.078s] Level 1:colcon.colcon_core.environment:checking '/root/ws/install/my_turtle_pkg/bin'
[4.078s] Level 1:colcon.colcon_core.environment:checking '/root/ws/install/my_turtle_pkg/lib/pkgconfig/my_turtle_pkg.pc'
[4.079s] Level 1:colcon.colcon_core.environment:checking '/root/ws/install/my_turtle_pkg/lib/python3.12/site-packages'
[4.079s] DEBUG:colcon.colcon_core.event_handler.log_command:Invoked command in '/root/ws/src/my_turtle_pkg' returned '0': PYTHONPATH=/root/ws/build/my_turtle_pkg/prefix_override:/usr/lib/python3/dist-packages/colcon_core/task/python/colcon_distutils_commands:/root/ws/install/my_turtle_pkg/lib/python3.12/site-packages:${PYTHONPATH} /usr/bin/python3 -W ignore:setup.py install is deprecated -W ignore:easy_install command is deprecated setup.py egg_info --egg-base ../../build/my_turtle_pkg build --build-base /root/ws/build/my_turtle_pkg/build install --record /root/ws/build/my_turtle_pkg/install.log --single-version-externally-managed install_data
[4.079s] Level 1:colcon.colcon_core.shell:create_environment_hook('my_turtle_pkg', 'pythonpath')
[4.080s] INFO:colcon.colcon_core.shell:Creating environment descriptor '/root/ws/install/my_turtle_pkg/share/my_turtle_pkg/hook/pythonpath.dsv'
[4.080s] INFO:colcon.colcon_core.shell:Creating environment hook '/root/ws/install/my_turtle_pkg/share/my_turtle_pkg/hook/pythonpath.sh'
[4.081s] Level 1:colcon.colcon_core.environment:checking '/root/ws/install/my_turtle_pkg/bin'
[4.081s] Level 1:colcon.colcon_core.environment:create_environment_scripts_only(my_turtle_pkg)
[4.082s] INFO:colcon.colcon_core.shell:Creating package descriptor '/root/ws/install/my_turtle_pkg/share/my_turtle_pkg/package.dsv'
[4.082s] INFO:colcon.colcon_core.shell:Creating package script '/root/ws/install/my_turtle_pkg/share/my_turtle_pkg/package.sh'
[4.083s] INFO:colcon.colcon_core.shell:Creating package script '/root/ws/install/my_turtle_pkg/share/my_turtle_pkg/package.bash'
[4.083s] INFO:colcon.colcon_core.shell:Creating package script '/root/ws/install/my_turtle_pkg/share/my_turtle_pkg/package.zsh'
[4.084s] Level 1:colcon.colcon_core.environment:create_file_with_runtime_dependencies(/root/ws/install/my_turtle_pkg/share/colcon-core/packages/my_turtle_pkg)
[4.084s] DEBUG:colcon.colcon_parallel_executor.executor.parallel:closing loop
[4.085s] DEBUG:colcon.colcon_parallel_executor.executor.parallel:loop closed
[4.085s] DEBUG:colcon.colcon_parallel_executor.executor.parallel:run_until_complete finished with '0'
[4.085s] DEBUG:colcon.colcon_core.event_reactor:joining thread
[4.196s] INFO:colcon.colcon_core.plugin_system:Skipping extension 'colcon_notification.desktop_notification.notify_send': Could not find 'notify-send'
[4.196s] INFO:colcon.colcon_core.plugin_system:Skipping extension 'colcon_notification.desktop_notification.terminal_notifier': Not used on non-Darwin systems
[4.196s] INFO:colcon.colcon_core.plugin_system:Skipping extension 'colcon_notification.desktop_notification.win32': Not used on non-Windows systems
[4.196s] INFO:colcon.colcon_notification.desktop_notification:Sending desktop notification using 'notify2'
[4.197s] DEBUG:colcon.colcon_notification.desktop_notification.notify2:Failed to initialize notify2: org.freedesktop.DBus.Error.ServiceUnknown: The name org.freedesktop.Notifications was not provided by any .service files
[4.198s] DEBUG:colcon.colcon_core.event_reactor:joined thread
[4.198s] INFO:colcon.colcon_core.shell:Creating prefix script '/root/ws/install/local_setup.sh'
[4.199s] INFO:colcon.colcon_core.shell:Creating prefix util module '/root/ws/install/_local_setup_util_sh.py'
[4.201s] INFO:colcon.colcon_core.shell:Creating prefix chain script '/root/ws/install/setup.sh'
[4.203s] INFO:colcon.colcon_core.shell:Creating prefix script '/root/ws/install/local_setup.bash'
[4.204s] INFO:colcon.colcon_core.shell:Creating prefix chain script '/root/ws/install/setup.bash'
[4.206s] INFO:colcon.colcon_core.shell:Creating prefix script '/root/ws/install/local_setup.zsh'
[4.208s] INFO:colcon.colcon_core.shell:Creating prefix chain script '/root/ws/install/setup.zsh'
