/root/ws/install/my_bot/lib/python3.12/site-packages/my_bot/click_to_goal.py
/root/ws/install/my_bot/lib/python3.12/site-packages/my_bot/pure_pursuit_obstacle.py
/root/ws/install/my_bot/lib/python3.12/site-packages/my_bot/a_star_planner.py
/root/ws/install/my_bot/lib/python3.12/site-packages/my_bot/fake_detector.py
/root/ws/install/my_bot/lib/python3.12/site-packages/my_bot/__init__.py
/root/ws/install/my_bot/lib/python3.12/site-packages/my_bot/astar_pure_pursuit.py
/root/ws/install/my_bot/lib/python3.12/site-packages/my_bot/pure_pursuit.py
/root/ws/install/my_bot/lib/python3.12/site-packages/my_bot/emergency_stop.py
/root/ws/install/my_bot/lib/python3.12/site-packages/my_bot/__pycache__/click_to_goal.cpython-312.pyc
/root/ws/install/my_bot/lib/python3.12/site-packages/my_bot/__pycache__/pure_pursuit_obstacle.cpython-312.pyc
/root/ws/install/my_bot/lib/python3.12/site-packages/my_bot/__pycache__/a_star_planner.cpython-312.pyc
/root/ws/install/my_bot/lib/python3.12/site-packages/my_bot/__pycache__/fake_detector.cpython-312.pyc
/root/ws/install/my_bot/lib/python3.12/site-packages/my_bot/__pycache__/__init__.cpython-312.pyc
/root/ws/install/my_bot/lib/python3.12/site-packages/my_bot/__pycache__/astar_pure_pursuit.cpython-312.pyc
/root/ws/install/my_bot/lib/python3.12/site-packages/my_bot/__pycache__/pure_pursuit.cpython-312.pyc
/root/ws/install/my_bot/lib/python3.12/site-packages/my_bot/__pycache__/emergency_stop.cpython-312.pyc
/root/ws/install/my_bot/share/ament_index/resource_index/packages/my_bot
/root/ws/install/my_bot/share/my_bot/package.xml
/root/ws/install/my_bot/share/my_bot/launch/tb3_localization.launch.py
/root/ws/install/my_bot/share/my_bot/launch/tb3_slam_simulation.launch.py
/root/ws/install/my_bot/lib/python3.12/site-packages/my_bot-0.0.0-py3.12.egg-info/PKG-INFO
/root/ws/install/my_bot/lib/python3.12/site-packages/my_bot-0.0.0-py3.12.egg-info/entry_points.txt
/root/ws/install/my_bot/lib/python3.12/site-packages/my_bot-0.0.0-py3.12.egg-info/SOURCES.txt
/root/ws/install/my_bot/lib/python3.12/site-packages/my_bot-0.0.0-py3.12.egg-info/zip-safe
/root/ws/install/my_bot/lib/python3.12/site-packages/my_bot-0.0.0-py3.12.egg-info/top_level.txt
/root/ws/install/my_bot/lib/python3.12/site-packages/my_bot-0.0.0-py3.12.egg-info/dependency_links.txt
/root/ws/install/my_bot/lib/python3.12/site-packages/my_bot-0.0.0-py3.12.egg-info/requires.txt
/root/ws/install/my_bot/lib/my_bot/astar_planner
/root/ws/install/my_bot/lib/my_bot/astar_pure_pursuit
/root/ws/install/my_bot/lib/my_bot/click_to_goal
/root/ws/install/my_bot/lib/my_bot/emergency_stop
/root/ws/install/my_bot/lib/my_bot/fake_detector
/root/ws/install/my_bot/lib/my_bot/pure_pursuit
/root/ws/install/my_bot/lib/my_bot/pure_pursuit_obstacle
