[0.202s] DEBUG:colcon:Command line arguments: ['/usr/bin/colcon', 'build']
[0.203s] DEBUG:colcon:Parsed command line arguments: Namespace(log_base=None, log_level=None, verb_name='build', build_base='build', install_base='install', merge_install=False, symlink_install=False, test_result_base=None, continue_on_error=False, executor='parallel', parallel_workers=8, event_handlers=None, ignore_user_meta=False, metas=['./colcon.meta'], base_paths=['.'], packages_ignore=None, packages_ignore_regex=None, paths=None, packages_up_to=None, packages_up_to_regex=None, packages_above=None, packages_above_and_dependencies=None, packages_above_depth=None, packages_select_by_dep=None, packages_skip_by_dep=None, packages_skip_up_to=None, packages_select_build_failed=False, packages_skip_build_finished=False, packages_select_test_failures=False, packages_skip_test_passed=False, packages_select=None, packages_skip=None, packages_select_regex=None, packages_skip_regex=None, packages_start=None, packages_end=None, cmake_args=None, cmake_target=None, cmake_target_skip_unavailable=False, cmake_clean_cache=False, cmake_clean_first=False, cmake_force_configure=False, ament_cmake_args=None, catkin_cmake_args=None, catkin_skip_building_tests=False, verb_parser=<colcon_defaults.argument_parser.defaults.DefaultArgumentsDecorator object at 0x76cf0afe8f80>, verb_extension=<colcon_core.verb.build.BuildVerb object at 0x76cf0af3b140>, main=<bound method BuildVerb.main of <colcon_core.verb.build.BuildVerb object at 0x76cf0af3b140>>)
[0.302s] Level 1:colcon.colcon_core.package_discovery:discover_packages(colcon_meta) check parameters
[0.302s] Level 1:colcon.colcon_core.package_discovery:discover_packages(recursive) check parameters
[0.302s] Level 1:colcon.colcon_core.package_discovery:discover_packages(ignore) check parameters
[0.302s] Level 1:colcon.colcon_core.package_discovery:discover_packages(path) check parameters
[0.302s] Level 1:colcon.colcon_core.package_discovery:discover_packages(colcon_meta) discover
[0.302s] Level 1:colcon.colcon_core.package_discovery:discover_packages(recursive) discover
[0.302s] INFO:colcon.colcon_core.package_discovery:Crawling recursively for packages in '/root/ws'
[0.302s] Level 1:colcon.colcon_core.package_identification:_identify(.) by extensions ['ignore', 'ignore_ament_install']
[0.303s] Level 1:colcon.colcon_core.package_identification:_identify(.) by extension 'ignore'
[0.303s] Level 1:colcon.colcon_core.package_identification:_identify(.) by extension 'ignore_ament_install'
[0.303s] Level 1:colcon.colcon_core.package_identification:_identify(.) by extensions ['colcon_pkg']
[0.303s] Level 1:colcon.colcon_core.package_identification:_identify(.) by extension 'colcon_pkg'
[0.303s] Level 1:colcon.colcon_core.package_identification:_identify(.) by extensions ['colcon_meta']
[0.303s] Level 1:colcon.colcon_core.package_identification:_identify(.) by extension 'colcon_meta'
[0.303s] Level 1:colcon.colcon_core.package_identification:_identify(.) by extensions ['ros']
[0.303s] Level 1:colcon.colcon_core.package_identification:_identify(.) by extension 'ros'
[0.327s] Level 1:colcon.colcon_core.package_identification:_identify(.) by extensions ['cmake', 'python']
[0.327s] Level 1:colcon.colcon_core.package_identification:_identify(.) by extension 'cmake'
[0.327s] Level 1:colcon.colcon_core.package_identification:_identify(.) by extension 'python'
[0.327s] Level 1:colcon.colcon_core.package_identification:_identify(.) by extensions ['python_setup_py']
[0.327s] Level 1:colcon.colcon_core.package_identification:_identify(.) by extension 'python_setup_py'
[0.328s] Level 1:colcon.colcon_core.package_identification:_identify(build) by extensions ['ignore', 'ignore_ament_install']
[0.328s] Level 1:colcon.colcon_core.package_identification:_identify(build) by extension 'ignore'
[0.328s] Level 1:colcon.colcon_core.package_identification:_identify(build) ignored
[0.328s] Level 1:colcon.colcon_core.package_identification:_identify(install) by extensions ['ignore', 'ignore_ament_install']
[0.329s] Level 1:colcon.colcon_core.package_identification:_identify(install) by extension 'ignore'
[0.329s] Level 1:colcon.colcon_core.package_identification:_identify(install) ignored
[0.329s] Level 1:colcon.colcon_core.package_identification:_identify(log) by extensions ['ignore', 'ignore_ament_install']
[0.329s] Level 1:colcon.colcon_core.package_identification:_identify(log) by extension 'ignore'
[0.329s] Level 1:colcon.colcon_core.package_identification:_identify(log) ignored
[0.329s] Level 1:colcon.colcon_core.package_identification:_identify(src) by extensions ['ignore', 'ignore_ament_install']
[0.329s] Level 1:colcon.colcon_core.package_identification:_identify(src) by extension 'ignore'
[0.329s] Level 1:colcon.colcon_core.package_identification:_identify(src) by extension 'ignore_ament_install'
[0.329s] Level 1:colcon.colcon_core.package_identification:_identify(src) by extensions ['colcon_pkg']
[0.329s] Level 1:colcon.colcon_core.package_identification:_identify(src) by extension 'colcon_pkg'
[0.329s] Level 1:colcon.colcon_core.package_identification:_identify(src) by extensions ['colcon_meta']
[0.329s] Level 1:colcon.colcon_core.package_identification:_identify(src) by extension 'colcon_meta'
[0.329s] Level 1:colcon.colcon_core.package_identification:_identify(src) by extensions ['ros']
[0.329s] Level 1:colcon.colcon_core.package_identification:_identify(src) by extension 'ros'
[0.329s] Level 1:colcon.colcon_core.package_identification:_identify(src) by extensions ['cmake', 'python']
[0.329s] Level 1:colcon.colcon_core.package_identification:_identify(src) by extension 'cmake'
[0.329s] Level 1:colcon.colcon_core.package_identification:_identify(src) by extension 'python'
[0.329s] Level 1:colcon.colcon_core.package_identification:_identify(src) by extensions ['python_setup_py']
[0.329s] Level 1:colcon.colcon_core.package_identification:_identify(src) by extension 'python_setup_py'
[0.330s] Level 1:colcon.colcon_core.package_identification:_identify(src/my_bot) by extensions ['ignore', 'ignore_ament_install']
[0.330s] Level 1:colcon.colcon_core.package_identification:_identify(src/my_bot) by extension 'ignore'
[0.330s] Level 1:colcon.colcon_core.package_identification:_identify(src/my_bot) by extension 'ignore_ament_install'
[0.330s] Level 1:colcon.colcon_core.package_identification:_identify(src/my_bot) by extensions ['colcon_pkg']
[0.330s] Level 1:colcon.colcon_core.package_identification:_identify(src/my_bot) by extension 'colcon_pkg'
[0.330s] Level 1:colcon.colcon_core.package_identification:_identify(src/my_bot) by extensions ['colcon_meta']
[0.330s] Level 1:colcon.colcon_core.package_identification:_identify(src/my_bot) by extension 'colcon_meta'
[0.330s] Level 1:colcon.colcon_core.package_identification:_identify(src/my_bot) by extensions ['ros']
[0.330s] Level 1:colcon.colcon_core.package_identification:_identify(src/my_bot) by extension 'ros'
[0.334s] DEBUG:colcon.colcon_core.package_identification:Package 'src/my_bot' with type 'ros.ament_python' and name 'my_bot'
[0.334s] Level 1:colcon.colcon_core.package_identification:_identify(src/my_turtle_pkg) by extensions ['ignore', 'ignore_ament_install']
[0.334s] Level 1:colcon.colcon_core.package_identification:_identify(src/my_turtle_pkg) by extension 'ignore'
[0.335s] Level 1:colcon.colcon_core.package_identification:_identify(src/my_turtle_pkg) by extension 'ignore_ament_install'
[0.335s] Level 1:colcon.colcon_core.package_identification:_identify(src/my_turtle_pkg) by extensions ['colcon_pkg']
[0.335s] Level 1:colcon.colcon_core.package_identification:_identify(src/my_turtle_pkg) by extension 'colcon_pkg'
[0.335s] Level 1:colcon.colcon_core.package_identification:_identify(src/my_turtle_pkg) by extensions ['colcon_meta']
[0.335s] Level 1:colcon.colcon_core.package_identification:_identify(src/my_turtle_pkg) by extension 'colcon_meta'
[0.335s] Level 1:colcon.colcon_core.package_identification:_identify(src/my_turtle_pkg) by extensions ['ros']
[0.335s] Level 1:colcon.colcon_core.package_identification:_identify(src/my_turtle_pkg) by extension 'ros'
[0.336s] DEBUG:colcon.colcon_core.package_identification:Package 'src/my_turtle_pkg' with type 'ros.ament_python' and name 'my_turtle_pkg'
[0.336s] Level 1:colcon.colcon_core.package_discovery:discover_packages(recursive) using defaults
[0.336s] Level 1:colcon.colcon_core.package_discovery:discover_packages(ignore) discover
[0.336s] Level 1:colcon.colcon_core.package_discovery:discover_packages(ignore) using defaults
[0.336s] Level 1:colcon.colcon_core.package_discovery:discover_packages(path) discover
[0.336s] Level 1:colcon.colcon_core.package_discovery:discover_packages(path) using defaults
[0.369s] Level 5:colcon.colcon_core.verb:set package 'my_bot' build argument 'cmake_args' from command line to 'None'
[0.369s] Level 5:colcon.colcon_core.verb:set package 'my_bot' build argument 'cmake_target' from command line to 'None'
[0.369s] Level 5:colcon.colcon_core.verb:set package 'my_bot' build argument 'cmake_target_skip_unavailable' from command line to 'False'
[0.369s] Level 5:colcon.colcon_core.verb:set package 'my_bot' build argument 'cmake_clean_cache' from command line to 'False'
[0.369s] Level 5:colcon.colcon_core.verb:set package 'my_bot' build argument 'cmake_clean_first' from command line to 'False'
[0.369s] Level 5:colcon.colcon_core.verb:set package 'my_bot' build argument 'cmake_force_configure' from command line to 'False'
[0.369s] Level 5:colcon.colcon_core.verb:set package 'my_bot' build argument 'ament_cmake_args' from command line to 'None'
[0.369s] Level 5:colcon.colcon_core.verb:set package 'my_bot' build argument 'catkin_cmake_args' from command line to 'None'
[0.369s] Level 5:colcon.colcon_core.verb:set package 'my_bot' build argument 'catkin_skip_building_tests' from command line to 'False'
[0.369s] DEBUG:colcon.colcon_core.verb:Building package 'my_bot' with the following arguments: {'ament_cmake_args': None, 'build_base': '/root/ws/build/my_bot', 'catkin_cmake_args': None, 'catkin_skip_building_tests': False, 'cmake_args': None, 'cmake_clean_cache': False, 'cmake_clean_first': False, 'cmake_force_configure': False, 'cmake_target': None, 'cmake_target_skip_unavailable': False, 'install_base': '/root/ws/install/my_bot', 'merge_install': False, 'path': '/root/ws/src/my_bot', 'symlink_install': False, 'test_result_base': None}
[0.370s] Level 5:colcon.colcon_core.verb:set package 'my_turtle_pkg' build argument 'cmake_args' from command line to 'None'
[0.370s] Level 5:colcon.colcon_core.verb:set package 'my_turtle_pkg' build argument 'cmake_target' from command line to 'None'
[0.370s] Level 5:colcon.colcon_core.verb:set package 'my_turtle_pkg' build argument 'cmake_target_skip_unavailable' from command line to 'False'
[0.370s] Level 5:colcon.colcon_core.verb:set package 'my_turtle_pkg' build argument 'cmake_clean_cache' from command line to 'False'
[0.370s] Level 5:colcon.colcon_core.verb:set package 'my_turtle_pkg' build argument 'cmake_clean_first' from command line to 'False'
[0.370s] Level 5:colcon.colcon_core.verb:set package 'my_turtle_pkg' build argument 'cmake_force_configure' from command line to 'False'
[0.370s] Level 5:colcon.colcon_core.verb:set package 'my_turtle_pkg' build argument 'ament_cmake_args' from command line to 'None'
[0.370s] Level 5:colcon.colcon_core.verb:set package 'my_turtle_pkg' build argument 'catkin_cmake_args' from command line to 'None'
[0.370s] Level 5:colcon.colcon_core.verb:set package 'my_turtle_pkg' build argument 'catkin_skip_building_tests' from command line to 'False'
[0.370s] DEBUG:colcon.colcon_core.verb:Building package 'my_turtle_pkg' with the following arguments: {'ament_cmake_args': None, 'build_base': '/root/ws/build/my_turtle_pkg', 'catkin_cmake_args': None, 'catkin_skip_building_tests': False, 'cmake_args': None, 'cmake_clean_cache': False, 'cmake_clean_first': False, 'cmake_force_configure': False, 'cmake_target': None, 'cmake_target_skip_unavailable': False, 'install_base': '/root/ws/install/my_turtle_pkg', 'merge_install': False, 'path': '/root/ws/src/my_turtle_pkg', 'symlink_install': False, 'test_result_base': None}
[0.370s] INFO:colcon.colcon_core.executor:Executing jobs using 'parallel' executor
[0.371s] DEBUG:colcon.colcon_parallel_executor.executor.parallel:run_until_complete
[0.371s] INFO:colcon.colcon_ros.task.ament_python.build:Building ROS package in '/root/ws/src/my_bot' with build type 'ament_python'
[0.372s] Level 1:colcon.colcon_core.shell:create_environment_hook('my_bot', 'ament_prefix_path')
[0.380s] INFO:colcon.colcon_core.plugin_system:Skipping extension 'colcon_core.shell.bat': Not used on non-Windows systems
[0.380s] INFO:colcon.colcon_core.shell:Creating environment descriptor '/root/ws/install/my_bot/share/my_bot/hook/ament_prefix_path.dsv'
[0.382s] INFO:colcon.colcon_core.shell:Creating environment hook '/root/ws/install/my_bot/share/my_bot/hook/ament_prefix_path.sh'
[0.386s] DEBUG:colcon.colcon_core.shell:Skip shell extension 'dsv' for command environment
[0.397s] INFO:colcon.colcon_ros.task.ament_python.build:Building ROS package in '/root/ws/src/my_turtle_pkg' with build type 'ament_python'
[0.397s] Level 1:colcon.colcon_core.shell:create_environment_hook('my_turtle_pkg', 'ament_prefix_path')
[0.397s] INFO:colcon.colcon_core.shell:Creating environment descriptor '/root/ws/install/my_turtle_pkg/share/my_turtle_pkg/hook/ament_prefix_path.dsv'
[0.398s] INFO:colcon.colcon_core.shell:Creating environment hook '/root/ws/install/my_turtle_pkg/share/my_turtle_pkg/hook/ament_prefix_path.sh'
[0.399s] DEBUG:colcon.colcon_core.shell:Skip shell extension 'dsv' for command environment
[0.626s] INFO:colcon.colcon_core.task.python.build:Building Python package in '/root/ws/src/my_bot'
[0.627s] DEBUG:colcon.colcon_core.shell:Skip shell extension 'dsv' for command environment
[0.840s] INFO:colcon.colcon_core.task.python.build:Building Python package in '/root/ws/src/my_turtle_pkg'
[0.840s] DEBUG:colcon.colcon_core.shell:Skip shell extension 'dsv' for command environment
[2.070s] DEBUG:colcon.colcon_core.event_handler.log_command:Invoking command in '/root/ws/src/my_turtle_pkg': PYTHONPATH=/root/ws/build/my_turtle_pkg/prefix_override:/usr/lib/python3/dist-packages/colcon_core/task/python/colcon_distutils_commands:/root/ws/install/my_turtle_pkg/lib/python3.12/site-packages:${PYTHONPATH} /usr/bin/python3 -W ignore:setup.py install is deprecated -W ignore:easy_install command is deprecated setup.py egg_info --egg-base ../../build/my_turtle_pkg build --build-base /root/ws/build/my_turtle_pkg/build install --record /root/ws/build/my_turtle_pkg/install.log --single-version-externally-managed install_data
[2.074s] DEBUG:colcon.colcon_core.event_handler.log_command:Invoking command in '/root/ws/src/my_bot': PYTHONPATH=/root/ws/build/my_bot/prefix_override:/usr/lib/python3/dist-packages/colcon_core/task/python/colcon_distutils_commands:/root/ws/install/my_bot/lib/python3.12/site-packages:${PYTHONPATH} /usr/bin/python3 -W ignore:setup.py install is deprecated -W ignore:easy_install command is deprecated setup.py egg_info --egg-base ../../build/my_bot build --build-base /root/ws/build/my_bot/build install --record /root/ws/build/my_bot/install.log --single-version-externally-managed install_data
[2.683s] DEBUG:colcon.colcon_core.event_handler.log_command:Invoked command in '/root/ws/src/my_turtle_pkg' returned '0': PYTHONPATH=/root/ws/build/my_turtle_pkg/prefix_override:/usr/lib/python3/dist-packages/colcon_core/task/python/colcon_distutils_commands:/root/ws/install/my_turtle_pkg/lib/python3.12/site-packages:${PYTHONPATH} /usr/bin/python3 -W ignore:setup.py install is deprecated -W ignore:easy_install command is deprecated setup.py egg_info --egg-base ../../build/my_turtle_pkg build --build-base /root/ws/build/my_turtle_pkg/build install --record /root/ws/build/my_turtle_pkg/install.log --single-version-externally-managed install_data
[2.692s] Level 1:colcon.colcon_core.environment:checking '/root/ws/install/my_turtle_pkg' for CMake module files
[2.693s] Level 1:colcon.colcon_core.environment:checking '/root/ws/install/my_turtle_pkg' for CMake config files
[2.698s] Level 1:colcon.colcon_core.environment:checking '/root/ws/install/my_turtle_pkg/lib'
[2.698s] Level 1:colcon.colcon_core.environment:checking '/root/ws/install/my_turtle_pkg/bin'
[2.698s] Level 1:colcon.colcon_core.environment:checking '/root/ws/install/my_turtle_pkg/lib/pkgconfig/my_turtle_pkg.pc'
[2.699s] Level 1:colcon.colcon_core.environment:checking '/root/ws/install/my_turtle_pkg/lib/python3.12/site-packages'
[2.699s] Level 1:colcon.colcon_core.shell:create_environment_hook('my_turtle_pkg', 'pythonpath')
[2.699s] INFO:colcon.colcon_core.shell:Creating environment descriptor '/root/ws/install/my_turtle_pkg/share/my_turtle_pkg/hook/pythonpath.dsv'
[2.699s] INFO:colcon.colcon_core.shell:Creating environment hook '/root/ws/install/my_turtle_pkg/share/my_turtle_pkg/hook/pythonpath.sh'
[2.700s] Level 1:colcon.colcon_core.environment:checking '/root/ws/install/my_turtle_pkg/bin'
[2.700s] Level 1:colcon.colcon_core.environment:create_environment_scripts_only(my_turtle_pkg)
[2.700s] INFO:colcon.colcon_core.shell:Creating package descriptor '/root/ws/install/my_turtle_pkg/share/my_turtle_pkg/package.dsv'
[2.702s] INFO:colcon.colcon_core.shell:Creating package script '/root/ws/install/my_turtle_pkg/share/my_turtle_pkg/package.sh'
[2.705s] INFO:colcon.colcon_core.shell:Creating package script '/root/ws/install/my_turtle_pkg/share/my_turtle_pkg/package.bash'
[2.706s] INFO:colcon.colcon_core.shell:Creating package script '/root/ws/install/my_turtle_pkg/share/my_turtle_pkg/package.zsh'
[2.708s] Level 1:colcon.colcon_core.environment:create_file_with_runtime_dependencies(/root/ws/install/my_turtle_pkg/share/colcon-core/packages/my_turtle_pkg)
[2.710s] Level 1:colcon.colcon_core.environment:checking '/root/ws/install/my_bot' for CMake module files
[2.711s] DEBUG:colcon.colcon_core.event_handler.log_command:Invoked command in '/root/ws/src/my_bot' returned '0': PYTHONPATH=/root/ws/build/my_bot/prefix_override:/usr/lib/python3/dist-packages/colcon_core/task/python/colcon_distutils_commands:/root/ws/install/my_bot/lib/python3.12/site-packages:${PYTHONPATH} /usr/bin/python3 -W ignore:setup.py install is deprecated -W ignore:easy_install command is deprecated setup.py egg_info --egg-base ../../build/my_bot build --build-base /root/ws/build/my_bot/build install --record /root/ws/build/my_bot/install.log --single-version-externally-managed install_data
[2.711s] Level 1:colcon.colcon_core.environment:checking '/root/ws/install/my_bot' for CMake config files
[2.715s] Level 1:colcon.colcon_core.environment:checking '/root/ws/install/my_bot/lib'
[2.715s] Level 1:colcon.colcon_core.environment:checking '/root/ws/install/my_bot/bin'
[2.715s] Level 1:colcon.colcon_core.environment:checking '/root/ws/install/my_bot/lib/pkgconfig/my_bot.pc'
[2.715s] Level 1:colcon.colcon_core.environment:checking '/root/ws/install/my_bot/lib/python3.12/site-packages'
[2.715s] Level 1:colcon.colcon_core.shell:create_environment_hook('my_bot', 'pythonpath')
[2.715s] INFO:colcon.colcon_core.shell:Creating environment descriptor '/root/ws/install/my_bot/share/my_bot/hook/pythonpath.dsv'
[2.715s] INFO:colcon.colcon_core.shell:Creating environment hook '/root/ws/install/my_bot/share/my_bot/hook/pythonpath.sh'
[2.716s] Level 1:colcon.colcon_core.environment:checking '/root/ws/install/my_bot/bin'
[2.716s] Level 1:colcon.colcon_core.environment:create_environment_scripts_only(my_bot)
[2.716s] INFO:colcon.colcon_core.shell:Creating package descriptor '/root/ws/install/my_bot/share/my_bot/package.dsv'
[2.717s] INFO:colcon.colcon_core.shell:Creating package script '/root/ws/install/my_bot/share/my_bot/package.sh'
[2.717s] INFO:colcon.colcon_core.shell:Creating package script '/root/ws/install/my_bot/share/my_bot/package.bash'
[2.717s] INFO:colcon.colcon_core.shell:Creating package script '/root/ws/install/my_bot/share/my_bot/package.zsh'
[2.717s] Level 1:colcon.colcon_core.environment:create_file_with_runtime_dependencies(/root/ws/install/my_bot/share/colcon-core/packages/my_bot)
[2.718s] DEBUG:colcon.colcon_parallel_executor.executor.parallel:closing loop
[2.719s] DEBUG:colcon.colcon_parallel_executor.executor.parallel:loop closed
[2.719s] DEBUG:colcon.colcon_parallel_executor.executor.parallel:run_until_complete finished with '0'
[2.719s] DEBUG:colcon.colcon_core.event_reactor:joining thread
[2.768s] INFO:colcon.colcon_core.plugin_system:Skipping extension 'colcon_notification.desktop_notification.notify_send': Could not find 'notify-send'
[2.768s] INFO:colcon.colcon_core.plugin_system:Skipping extension 'colcon_notification.desktop_notification.terminal_notifier': Not used on non-Darwin systems
[2.768s] INFO:colcon.colcon_core.plugin_system:Skipping extension 'colcon_notification.desktop_notification.win32': Not used on non-Windows systems
[2.768s] INFO:colcon.colcon_notification.desktop_notification:Sending desktop notification using 'notify2'
[2.770s] DEBUG:colcon.colcon_notification.desktop_notification.notify2:Failed to initialize notify2: org.freedesktop.DBus.Error.ServiceUnknown: The name org.freedesktop.Notifications was not provided by any .service files
[2.770s] DEBUG:colcon.colcon_core.event_reactor:joined thread
[2.770s] INFO:colcon.colcon_core.shell:Creating prefix script '/root/ws/install/local_setup.sh'
[2.772s] INFO:colcon.colcon_core.shell:Creating prefix util module '/root/ws/install/_local_setup_util_sh.py'
[2.774s] INFO:colcon.colcon_core.shell:Creating prefix chain script '/root/ws/install/setup.sh'
[2.776s] INFO:colcon.colcon_core.shell:Creating prefix script '/root/ws/install/local_setup.bash'
[2.778s] INFO:colcon.colcon_core.shell:Creating prefix chain script '/root/ws/install/setup.bash'
[2.781s] INFO:colcon.colcon_core.shell:Creating prefix script '/root/ws/install/local_setup.zsh'
[2.782s] INFO:colcon.colcon_core.shell:Creating prefix chain script '/root/ws/install/setup.zsh'
