[1.038s] Invoking command in '/root/ws/src/my_bot': PYTHONPATH=/root/ws/build/my_bot/prefix_override:/usr/lib/python3/dist-packages/colcon_core/task/python/colcon_distutils_commands:/root/ws/install/my_bot/lib/python3.12/site-packages:${PYTHONPATH} /usr/bin/python3 -W ignore:setup.py install is deprecated -W ignore:easy_install command is deprecated setup.py egg_info --egg-base ../../build/my_bot build --build-base /root/ws/build/my_bot/build install --record /root/ws/build/my_bot/install.log --single-version-externally-managed install_data
[1.298s] running egg_info
[1.319s] writing ../../build/my_bot/my_bot.egg-info/PKG-INFO
[1.319s] writing dependency_links to ../../build/my_bot/my_bot.egg-info/dependency_links.txt
[1.320s] writing entry points to ../../build/my_bot/my_bot.egg-info/entry_points.txt
[1.320s] writing requirements to ../../build/my_bot/my_bot.egg-info/requires.txt
[1.320s] writing top-level names to ../../build/my_bot/my_bot.egg-info/top_level.txt
[1.364s] reading manifest file '../../build/my_bot/my_bot.egg-info/SOURCES.txt'
[1.365s] writing manifest file '../../build/my_bot/my_bot.egg-info/SOURCES.txt'
[1.365s] running build
[1.365s] running build_py
[1.366s] running install
[1.371s] running install_lib
[1.392s] running install_data
[1.393s] running install_egg_info
[1.415s] removing '/root/ws/install/my_bot/lib/python3.12/site-packages/my_bot-0.0.0-py3.12.egg-info' (and everything under it)
[1.416s] Copying ../../build/my_bot/my_bot.egg-info to /root/ws/install/my_bot/lib/python3.12/site-packages/my_bot-0.0.0-py3.12.egg-info
[1.417s] running install_scripts
[1.554s] Installing astar_planner script to /root/ws/install/my_bot/lib/my_bot
[1.554s] Installing astar_pure_pursuit script to /root/ws/install/my_bot/lib/my_bot
[1.555s] Installing click_to_goal script to /root/ws/install/my_bot/lib/my_bot
[1.555s] Installing pure_pursuit script to /root/ws/install/my_bot/lib/my_bot
[1.555s] Installing pure_pursuit_obstacle script to /root/ws/install/my_bot/lib/my_bot
[1.555s] writing list of installed files to '/root/ws/build/my_bot/install.log'
[1.595s] Invoked command in '/root/ws/src/my_bot' returned '0': PYTHONPATH=/root/ws/build/my_bot/prefix_override:/usr/lib/python3/dist-packages/colcon_core/task/python/colcon_distutils_commands:/root/ws/install/my_bot/lib/python3.12/site-packages:${PYTHONPATH} /usr/bin/python3 -W ignore:setup.py install is deprecated -W ignore:easy_install command is deprecated setup.py egg_info --egg-base ../../build/my_bot build --build-base /root/ws/build/my_bot/build install --record /root/ws/build/my_bot/install.log --single-version-externally-managed install_data
