[2.237s] Invoking command in '/root/ws/src/my_bot': PYTHONPATH=/root/ws/build/my_bot/prefix_override:/usr/lib/python3/dist-packages/colcon_core/task/python/colcon_distutils_commands:/root/ws/install/my_bot/lib/python3.12/site-packages:${PYTHONPATH} /usr/bin/python3 -W ignore:setup.py install is deprecated -W ignore:easy_install command is deprecated setup.py egg_info --egg-base ../../build/my_bot build --build-base /root/ws/build/my_bot/build install --record /root/ws/build/my_bot/install.log --single-version-externally-managed install_data
[2.808s] running egg_info
[2.853s] writing ../../build/my_bot/my_bot.egg-info/PKG-INFO
[2.853s] writing dependency_links to ../../build/my_bot/my_bot.egg-info/dependency_links.txt
[2.854s] writing entry points to ../../build/my_bot/my_bot.egg-info/entry_points.txt
[2.854s] writing requirements to ../../build/my_bot/my_bot.egg-info/requires.txt
[2.855s] writing top-level names to ../../build/my_bot/my_bot.egg-info/top_level.txt
[2.947s] reading manifest file '../../build/my_bot/my_bot.egg-info/SOURCES.txt'
[2.949s] writing manifest file '../../build/my_bot/my_bot.egg-info/SOURCES.txt'
[2.952s] running build
[2.952s] running build_py
[2.952s] running install
[2.957s] running install_lib
[2.993s] running install_data
[2.994s] running install_egg_info
[3.036s] removing '/root/ws/install/my_bot/lib/python3.12/site-packages/my_bot-0.0.0-py3.12.egg-info' (and everything under it)
[3.037s] Copying ../../build/my_bot/my_bot.egg-info to /root/ws/install/my_bot/lib/python3.12/site-packages/my_bot-0.0.0-py3.12.egg-info
[3.039s] running install_scripts
[3.334s] Installing astar_planner script to /root/ws/install/my_bot/lib/my_bot
[3.334s] Installing astar_pure_pursuit script to /root/ws/install/my_bot/lib/my_bot
[3.334s] Installing click_to_goal script to /root/ws/install/my_bot/lib/my_bot
[3.334s] Installing pure_pursuit script to /root/ws/install/my_bot/lib/my_bot
[3.335s] Installing pure_pursuit_obstacle script to /root/ws/install/my_bot/lib/my_bot
[3.335s] writing list of installed files to '/root/ws/build/my_bot/install.log'
[3.419s] Invoked command in '/root/ws/src/my_bot' returned '0': PYTHONPATH=/root/ws/build/my_bot/prefix_override:/usr/lib/python3/dist-packages/colcon_core/task/python/colcon_distutils_commands:/root/ws/install/my_bot/lib/python3.12/site-packages:${PYTHONPATH} /usr/bin/python3 -W ignore:setup.py install is deprecated -W ignore:easy_install command is deprecated setup.py egg_info --egg-base ../../build/my_bot build --build-base /root/ws/build/my_bot/build install --record /root/ws/build/my_bot/install.log --single-version-externally-managed install_data
