[1.481s] Invoking command in '/root/ws/src/my_bot': PYTHONPATH=/root/ws/build/my_bot/prefix_override:/usr/lib/python3/dist-packages/colcon_core/task/python/colcon_distutils_commands:/root/ws/install/my_bot/lib/python3.12/site-packages:${PYTHONPATH} /usr/bin/python3 -W ignore:setup.py install is deprecated -W ignore:easy_install command is deprecated setup.py egg_info --egg-base ../../build/my_bot build --build-base /root/ws/build/my_bot/build install --record /root/ws/build/my_bot/install.log --single-version-externally-managed install_data
[1.866s] running egg_info
[1.896s] writing ../../build/my_bot/my_bot.egg-info/PKG-INFO
[1.896s] writing dependency_links to ../../build/my_bot/my_bot.egg-info/dependency_links.txt
[1.896s] writing entry points to ../../build/my_bot/my_bot.egg-info/entry_points.txt
[1.897s] writing requirements to ../../build/my_bot/my_bot.egg-info/requires.txt
[1.897s] writing top-level names to ../../build/my_bot/my_bot.egg-info/top_level.txt
[1.963s] reading manifest file '../../build/my_bot/my_bot.egg-info/SOURCES.txt'
[1.964s] writing manifest file '../../build/my_bot/my_bot.egg-info/SOURCES.txt'
[1.964s] running build
[1.965s] running build_py
[1.965s] running install
[1.971s] running install_lib
[2.004s] running install_data
[2.004s] copying launch/tb3_localization.launch.py -> /root/ws/install/my_bot/share/my_bot/launch
[2.004s] running install_egg_info
[2.037s] removing '/root/ws/install/my_bot/lib/python3.12/site-packages/my_bot-0.0.0-py3.12.egg-info' (and everything under it)
[2.037s] Copying ../../build/my_bot/my_bot.egg-info to /root/ws/install/my_bot/lib/python3.12/site-packages/my_bot-0.0.0-py3.12.egg-info
[2.039s] running install_scripts
[2.244s] Installing pure_pursuit script to /root/ws/install/my_bot/lib/my_bot
[2.244s] writing list of installed files to '/root/ws/build/my_bot/install.log'
[2.288s] Invoked command in '/root/ws/src/my_bot' returned '0': PYTHONPATH=/root/ws/build/my_bot/prefix_override:/usr/lib/python3/dist-packages/colcon_core/task/python/colcon_distutils_commands:/root/ws/install/my_bot/lib/python3.12/site-packages:${PYTHONPATH} /usr/bin/python3 -W ignore:setup.py install is deprecated -W ignore:easy_install command is deprecated setup.py egg_info --egg-base ../../build/my_bot build --build-base /root/ws/build/my_bot/build install --record /root/ws/build/my_bot/install.log --single-version-externally-managed install_data
