/root/ws/install/my_turtle_pkg/lib/python3.12/site-packages/my_turtle_pkg/image_repub.py
/root/ws/install/my_turtle_pkg/lib/python3.12/site-packages/my_turtle_pkg/circle_turtle.py
/root/ws/install/my_turtle_pkg/lib/python3.12/site-packages/my_turtle_pkg/image_listener.py
/root/ws/install/my_turtle_pkg/lib/python3.12/site-packages/my_turtle_pkg/__init__.py
/root/ws/install/my_turtle_pkg/lib/python3.12/site-packages/my_turtle_pkg/my_talker.py
/root/ws/install/my_turtle_pkg/lib/python3.12/site-packages/my_turtle_pkg/my_listener.py
/root/ws/install/my_turtle_pkg/lib/python3.12/site-packages/my_turtle_pkg/__pycache__/image_repub.cpython-312.pyc
/root/ws/install/my_turtle_pkg/lib/python3.12/site-packages/my_turtle_pkg/__pycache__/circle_turtle.cpython-312.pyc
/root/ws/install/my_turtle_pkg/lib/python3.12/site-packages/my_turtle_pkg/__pycache__/image_listener.cpython-312.pyc
/root/ws/install/my_turtle_pkg/lib/python3.12/site-packages/my_turtle_pkg/__pycache__/__init__.cpython-312.pyc
/root/ws/install/my_turtle_pkg/lib/python3.12/site-packages/my_turtle_pkg/__pycache__/my_talker.cpython-312.pyc
/root/ws/install/my_turtle_pkg/lib/python3.12/site-packages/my_turtle_pkg/__pycache__/my_listener.cpython-312.pyc
/root/ws/install/my_turtle_pkg/share/ament_index/resource_index/packages/my_turtle_pkg
/root/ws/install/my_turtle_pkg/share/my_turtle_pkg/package.xml
/root/ws/install/my_turtle_pkg/share/my_turtle_pkg/launch/waffle_custom.launch.py
/root/ws/install/my_turtle_pkg/share/my_turtle_pkg/config/waffle_params.yaml
/root/ws/install/my_turtle_pkg/lib/python3.12/site-packages/my_turtle_pkg-0.0.0-py3.12.egg-info/PKG-INFO
/root/ws/install/my_turtle_pkg/lib/python3.12/site-packages/my_turtle_pkg-0.0.0-py3.12.egg-info/entry_points.txt
/root/ws/install/my_turtle_pkg/lib/python3.12/site-packages/my_turtle_pkg-0.0.0-py3.12.egg-info/SOURCES.txt
/root/ws/install/my_turtle_pkg/lib/python3.12/site-packages/my_turtle_pkg-0.0.0-py3.12.egg-info/zip-safe
/root/ws/install/my_turtle_pkg/lib/python3.12/site-packages/my_turtle_pkg-0.0.0-py3.12.egg-info/top_level.txt
/root/ws/install/my_turtle_pkg/lib/python3.12/site-packages/my_turtle_pkg-0.0.0-py3.12.egg-info/dependency_links.txt
/root/ws/install/my_turtle_pkg/lib/python3.12/site-packages/my_turtle_pkg-0.0.0-py3.12.egg-info/requires.txt
/root/ws/install/my_turtle_pkg/lib/my_turtle_pkg/circle_node
/root/ws/install/my_turtle_pkg/lib/my_turtle_pkg/image_listener
/root/ws/install/my_turtle_pkg/lib/my_turtle_pkg/image_repub
/root/ws/install/my_turtle_pkg/lib/my_turtle_pkg/listener
/root/ws/install/my_turtle_pkg/lib/my_turtle_pkg/talker
