[1.702s] Invoking command in '/root/ws/src/my_bot': PYTHONPATH=/root/ws/build/my_bot/prefix_override:/usr/lib/python3/dist-packages/colcon_core/task/python/colcon_distutils_commands:/root/ws/install/my_bot/lib/python3.12/site-packages:${PYTHONPATH} /usr/bin/python3 -W ignore:setup.py install is deprecated -W ignore:easy_install command is deprecated setup.py egg_info --egg-base ../../build/my_bot build --build-base /root/ws/build/my_bot/build install --record /root/ws/build/my_bot/install.log --single-version-externally-managed install_data
[1.991s] running egg_info
[2.012s] writing ../../build/my_bot/my_bot.egg-info/PKG-INFO
[2.012s] writing dependency_links to ../../build/my_bot/my_bot.egg-info/dependency_links.txt
[2.012s] writing entry points to ../../build/my_bot/my_bot.egg-info/entry_points.txt
[2.013s] writing requirements to ../../build/my_bot/my_bot.egg-info/requires.txt
[2.013s] writing top-level names to ../../build/my_bot/my_bot.egg-info/top_level.txt
[2.059s] reading manifest file '../../build/my_bot/my_bot.egg-info/SOURCES.txt'
[2.061s] writing manifest file '../../build/my_bot/my_bot.egg-info/SOURCES.txt'
[2.062s] running build
[2.062s] running build_py
[2.064s] copying my_bot/a_star_planner.py -> /root/ws/build/my_bot/build/lib/my_bot
[2.064s] running install
[2.074s] running install_lib
[2.098s] copying /root/ws/build/my_bot/build/lib/my_bot/a_star_planner.py -> /root/ws/install/my_bot/lib/python3.12/site-packages/my_bot
[2.099s] byte-compiling /root/ws/install/my_bot/lib/python3.12/site-packages/my_bot/a_star_planner.py to a_star_planner.cpython-312.pyc
[2.100s] running install_data
[2.100s] running install_egg_info
[2.129s] removing '/root/ws/install/my_bot/lib/python3.12/site-packages/my_bot-0.0.0-py3.12.egg-info' (and everything under it)
[2.130s] Copying ../../build/my_bot/my_bot.egg-info to /root/ws/install/my_bot/lib/python3.12/site-packages/my_bot-0.0.0-py3.12.egg-info
[2.132s] running install_scripts
[2.283s] Installing astar_planner script to /root/ws/install/my_bot/lib/my_bot
[2.283s] Installing click_to_goal script to /root/ws/install/my_bot/lib/my_bot
[2.284s] Installing pure_pursuit script to /root/ws/install/my_bot/lib/my_bot
[2.284s] Installing pure_pursuit_obstacle script to /root/ws/install/my_bot/lib/my_bot
[2.284s] writing list of installed files to '/root/ws/build/my_bot/install.log'
[2.339s] Invoked command in '/root/ws/src/my_bot' returned '0': PYTHONPATH=/root/ws/build/my_bot/prefix_override:/usr/lib/python3/dist-packages/colcon_core/task/python/colcon_distutils_commands:/root/ws/install/my_bot/lib/python3.12/site-packages:${PYTHONPATH} /usr/bin/python3 -W ignore:setup.py install is deprecated -W ignore:easy_install command is deprecated setup.py egg_info --egg-base ../../build/my_bot build --build-base /root/ws/build/my_bot/build install --record /root/ws/build/my_bot/install.log --single-version-externally-managed install_data
