running egg_info
creating ../../build/my_bot/my_bot.egg-info
writing ../../build/my_bot/my_bot.egg-info/PKG-INFO
writing dependency_links to ../../build/my_bot/my_bot.egg-info/dependency_links.txt
writing entry points to ../../build/my_bot/my_bot.egg-info/entry_points.txt
writing requirements to ../../build/my_bot/my_bot.egg-info/requires.txt
writing top-level names to ../../build/my_bot/my_bot.egg-info/top_level.txt
writing manifest file '../../build/my_bot/my_bot.egg-info/SOURCES.txt'
reading manifest file '../../build/my_bot/my_bot.egg-info/SOURCES.txt'
writing manifest file '../../build/my_bot/my_bot.egg-info/SOURCES.txt'
running build
running build_py
creating /root/ws/build/my_bot/build
creating /root/ws/build/my_bot/build/lib
creating /root/ws/build/my_bot/build/lib/my_bot
copying my_bot/__init__.py -> /root/ws/build/my_bot/build/lib/my_bot
copying my_bot/pure_pursuit.py -> /root/ws/build/my_bot/build/lib/my_bot
running install
running install_lib
creating /root/ws/install/my_bot/lib/python3.12/site-packages/my_bot
copying /root/ws/build/my_bot/build/lib/my_bot/__init__.py -> /root/ws/install/my_bot/lib/python3.12/site-packages/my_bot
copying /root/ws/build/my_bot/build/lib/my_bot/pure_pursuit.py -> /root/ws/install/my_bot/lib/python3.12/site-packages/my_bot
byte-compiling /root/ws/install/my_bot/lib/python3.12/site-packages/my_bot/__init__.py to __init__.cpython-312.pyc
byte-compiling /root/ws/install/my_bot/lib/python3.12/site-packages/my_bot/pure_pursuit.py to pure_pursuit.cpython-312.pyc
running install_data
creating /root/ws/install/my_bot/share/ament_index
creating /root/ws/install/my_bot/share/ament_index/resource_index
creating /root/ws/install/my_bot/share/ament_index/resource_index/packages
copying resource/my_bot -> /root/ws/install/my_bot/share/ament_index/resource_index/packages
copying package.xml -> /root/ws/install/my_bot/share/my_bot
creating /root/ws/install/my_bot/share/my_bot/launch
copying launch/tb3_localization.launch.py -> /root/ws/install/my_bot/share/my_bot/launch
copying launch/tb3_slam_simulation.launch.py -> /root/ws/install/my_bot/share/my_bot/launch
running install_egg_info
Copying ../../build/my_bot/my_bot.egg-info to /root/ws/install/my_bot/lib/python3.12/site-packages/my_bot-0.0.0-py3.12.egg-info
running install_scripts
Installing pure_pursuit script to /root/ws/install/my_bot/lib/my_bot
writing list of installed files to '/root/ws/build/my_bot/install.log'
