[1.538s] Invoking command in '/root/ws/src/my_bot': PYTHONPATH=/root/ws/build/my_bot/prefix_override:/usr/lib/python3/dist-packages/colcon_core/task/python/colcon_distutils_commands:/root/ws/install/my_bot/lib/python3.12/site-packages:${PYTHONPATH} /usr/bin/python3 -W ignore:setup.py install is deprecated -W ignore:easy_install command is deprecated setup.py egg_info --egg-base ../../build/my_bot build --build-base /root/ws/build/my_bot/build install --record /root/ws/build/my_bot/install.log --single-version-externally-managed install_data
[1.916s] running egg_info
[1.917s] creating ../../build/my_bot/my_bot.egg-info
[1.950s] writing ../../build/my_bot/my_bot.egg-info/PKG-INFO
[1.951s] writing dependency_links to ../../build/my_bot/my_bot.egg-info/dependency_links.txt
[1.952s] writing entry points to ../../build/my_bot/my_bot.egg-info/entry_points.txt
[1.952s] writing requirements to ../../build/my_bot/my_bot.egg-info/requires.txt
[1.953s] writing top-level names to ../../build/my_bot/my_bot.egg-info/top_level.txt
[1.953s] writing manifest file '../../build/my_bot/my_bot.egg-info/SOURCES.txt'
[2.023s] reading manifest file '../../build/my_bot/my_bot.egg-info/SOURCES.txt'
[2.023s] writing manifest file '../../build/my_bot/my_bot.egg-info/SOURCES.txt'
[2.023s] running build
[2.024s] running build_py
[2.024s] creating /root/ws/build/my_bot/build
[2.025s] creating /root/ws/build/my_bot/build/lib
[2.025s] creating /root/ws/build/my_bot/build/lib/my_bot
[2.026s] copying my_bot/__init__.py -> /root/ws/build/my_bot/build/lib/my_bot
[2.026s] copying my_bot/pure_pursuit.py -> /root/ws/build/my_bot/build/lib/my_bot
[2.028s] running install
[2.034s] running install_lib
[2.066s] creating /root/ws/install/my_bot/lib/python3.12/site-packages/my_bot
[2.067s] copying /root/ws/build/my_bot/build/lib/my_bot/__init__.py -> /root/ws/install/my_bot/lib/python3.12/site-packages/my_bot
[2.067s] copying /root/ws/build/my_bot/build/lib/my_bot/pure_pursuit.py -> /root/ws/install/my_bot/lib/python3.12/site-packages/my_bot
[2.068s] byte-compiling /root/ws/install/my_bot/lib/python3.12/site-packages/my_bot/__init__.py to __init__.cpython-312.pyc
[2.068s] byte-compiling /root/ws/install/my_bot/lib/python3.12/site-packages/my_bot/pure_pursuit.py to pure_pursuit.cpython-312.pyc
[2.070s] running install_data
[2.070s] creating /root/ws/install/my_bot/share/ament_index
[2.071s] creating /root/ws/install/my_bot/share/ament_index/resource_index
[2.072s] creating /root/ws/install/my_bot/share/ament_index/resource_index/packages
[2.072s] copying resource/my_bot -> /root/ws/install/my_bot/share/ament_index/resource_index/packages
[2.072s] copying package.xml -> /root/ws/install/my_bot/share/my_bot
[2.073s] creating /root/ws/install/my_bot/share/my_bot/launch
[2.073s] copying launch/tb3_localization.launch.py -> /root/ws/install/my_bot/share/my_bot/launch
[2.074s] copying launch/tb3_slam_simulation.launch.py -> /root/ws/install/my_bot/share/my_bot/launch
[2.074s] running install_egg_info
[2.111s] Copying ../../build/my_bot/my_bot.egg-info to /root/ws/install/my_bot/lib/python3.12/site-packages/my_bot-0.0.0-py3.12.egg-info
[2.112s] running install_scripts
[2.320s] Installing pure_pursuit script to /root/ws/install/my_bot/lib/my_bot
[2.321s] writing list of installed files to '/root/ws/build/my_bot/install.log'
[2.379s] Invoked command in '/root/ws/src/my_bot' returned '0': PYTHONPATH=/root/ws/build/my_bot/prefix_override:/usr/lib/python3/dist-packages/colcon_core/task/python/colcon_distutils_commands:/root/ws/install/my_bot/lib/python3.12/site-packages:${PYTHONPATH} /usr/bin/python3 -W ignore:setup.py install is deprecated -W ignore:easy_install command is deprecated setup.py egg_info --egg-base ../../build/my_bot build --build-base /root/ws/build/my_bot/build install --record /root/ws/build/my_bot/install.log --single-version-externally-managed install_data
