[1.516s] Invoking command in '/root/ws/src/my_turtle_pkg': PYTHONPATH=/root/ws/build/my_turtle_pkg/prefix_override:/usr/lib/python3/dist-packages/colcon_core/task/python/colcon_distutils_commands:/root/ws/install/my_turtle_pkg/lib/python3.12/site-packages:${PYTHONPATH} /usr/bin/python3 -W ignore:setup.py install is deprecated -W ignore:easy_install command is deprecated setup.py egg_info --egg-base ../../build/my_turtle_pkg build --build-base /root/ws/build/my_turtle_pkg/build install --record /root/ws/build/my_turtle_pkg/install.log --single-version-externally-managed install_data
[1.903s] running egg_info
[1.904s] creating ../../build/my_turtle_pkg/my_turtle_pkg.egg-info
[1.933s] writing ../../build/my_turtle_pkg/my_turtle_pkg.egg-info/PKG-INFO
[1.933s] writing dependency_links to ../../build/my_turtle_pkg/my_turtle_pkg.egg-info/dependency_links.txt
[1.934s] writing entry points to ../../build/my_turtle_pkg/my_turtle_pkg.egg-info/entry_points.txt
[1.935s] writing requirements to ../../build/my_turtle_pkg/my_turtle_pkg.egg-info/requires.txt
[1.935s] writing top-level names to ../../build/my_turtle_pkg/my_turtle_pkg.egg-info/top_level.txt
[1.936s] writing manifest file '../../build/my_turtle_pkg/my_turtle_pkg.egg-info/SOURCES.txt'
[2.007s] reading manifest file '../../build/my_turtle_pkg/my_turtle_pkg.egg-info/SOURCES.txt'
[2.008s] writing manifest file '../../build/my_turtle_pkg/my_turtle_pkg.egg-info/SOURCES.txt'
[2.008s] running build
[2.009s] running build_py
[2.010s] creating /root/ws/build/my_turtle_pkg/build
[2.010s] creating /root/ws/build/my_turtle_pkg/build/lib
[2.010s] creating /root/ws/build/my_turtle_pkg/build/lib/my_turtle_pkg
[2.011s] copying my_turtle_pkg/image_repub.py -> /root/ws/build/my_turtle_pkg/build/lib/my_turtle_pkg
[2.011s] copying my_turtle_pkg/circle_turtle.py -> /root/ws/build/my_turtle_pkg/build/lib/my_turtle_pkg
[2.011s] copying my_turtle_pkg/image_listener.py -> /root/ws/build/my_turtle_pkg/build/lib/my_turtle_pkg
[2.012s] copying my_turtle_pkg/__init__.py -> /root/ws/build/my_turtle_pkg/build/lib/my_turtle_pkg
[2.012s] copying my_turtle_pkg/my_talker.py -> /root/ws/build/my_turtle_pkg/build/lib/my_turtle_pkg
[2.012s] copying my_turtle_pkg/my_listener.py -> /root/ws/build/my_turtle_pkg/build/lib/my_turtle_pkg
[2.012s] running install
[2.019s] running install_lib
[2.050s] creating /root/ws/install/my_turtle_pkg/lib/python3.12/site-packages/my_turtle_pkg
[2.051s] copying /root/ws/build/my_turtle_pkg/build/lib/my_turtle_pkg/image_repub.py -> /root/ws/install/my_turtle_pkg/lib/python3.12/site-packages/my_turtle_pkg
[2.051s] copying /root/ws/build/my_turtle_pkg/build/lib/my_turtle_pkg/circle_turtle.py -> /root/ws/install/my_turtle_pkg/lib/python3.12/site-packages/my_turtle_pkg
[2.052s] copying /root/ws/build/my_turtle_pkg/build/lib/my_turtle_pkg/image_listener.py -> /root/ws/install/my_turtle_pkg/lib/python3.12/site-packages/my_turtle_pkg
[2.052s] copying /root/ws/build/my_turtle_pkg/build/lib/my_turtle_pkg/__init__.py -> /root/ws/install/my_turtle_pkg/lib/python3.12/site-packages/my_turtle_pkg
[2.052s] copying /root/ws/build/my_turtle_pkg/build/lib/my_turtle_pkg/my_talker.py -> /root/ws/install/my_turtle_pkg/lib/python3.12/site-packages/my_turtle_pkg
[2.052s] copying /root/ws/build/my_turtle_pkg/build/lib/my_turtle_pkg/my_listener.py -> /root/ws/install/my_turtle_pkg/lib/python3.12/site-packages/my_turtle_pkg
[2.053s] byte-compiling /root/ws/install/my_turtle_pkg/lib/python3.12/site-packages/my_turtle_pkg/image_repub.py to image_repub.cpython-312.pyc
[2.054s] byte-compiling /root/ws/install/my_turtle_pkg/lib/python3.12/site-packages/my_turtle_pkg/circle_turtle.py to circle_turtle.cpython-312.pyc
[2.055s] byte-compiling /root/ws/install/my_turtle_pkg/lib/python3.12/site-packages/my_turtle_pkg/image_listener.py to image_listener.cpython-312.pyc
[2.056s] byte-compiling /root/ws/install/my_turtle_pkg/lib/python3.12/site-packages/my_turtle_pkg/__init__.py to __init__.cpython-312.pyc
[2.057s] byte-compiling /root/ws/install/my_turtle_pkg/lib/python3.12/site-packages/my_turtle_pkg/my_talker.py to my_talker.cpython-312.pyc
[2.057s] byte-compiling /root/ws/install/my_turtle_pkg/lib/python3.12/site-packages/my_turtle_pkg/my_listener.py to my_listener.cpython-312.pyc
[2.058s] running install_data
[2.058s] creating /root/ws/install/my_turtle_pkg/share/ament_index
[2.058s] creating /root/ws/install/my_turtle_pkg/share/ament_index/resource_index
[2.059s] creating /root/ws/install/my_turtle_pkg/share/ament_index/resource_index/packages
[2.059s] copying resource/my_turtle_pkg -> /root/ws/install/my_turtle_pkg/share/ament_index/resource_index/packages
[2.060s] copying package.xml -> /root/ws/install/my_turtle_pkg/share/my_turtle_pkg
[2.060s] creating /root/ws/install/my_turtle_pkg/share/my_turtle_pkg/launch
[2.061s] copying launch/waffle_custom.launch.py -> /root/ws/install/my_turtle_pkg/share/my_turtle_pkg/launch
[2.061s] creating /root/ws/install/my_turtle_pkg/share/my_turtle_pkg/config
[2.062s] copying config/waffle_params.yaml -> /root/ws/install/my_turtle_pkg/share/my_turtle_pkg/config
[2.062s] running install_egg_info
[2.099s] Copying ../../build/my_turtle_pkg/my_turtle_pkg.egg-info to /root/ws/install/my_turtle_pkg/lib/python3.12/site-packages/my_turtle_pkg-0.0.0-py3.12.egg-info
[2.100s] running install_scripts
[2.307s] Installing circle_node script to /root/ws/install/my_turtle_pkg/lib/my_turtle_pkg
[2.308s] Installing image_listener script to /root/ws/install/my_turtle_pkg/lib/my_turtle_pkg
[2.308s] Installing image_repub script to /root/ws/install/my_turtle_pkg/lib/my_turtle_pkg
[2.309s] Installing listener script to /root/ws/install/my_turtle_pkg/lib/my_turtle_pkg
[2.309s] Installing talker script to /root/ws/install/my_turtle_pkg/lib/my_turtle_pkg
[2.309s] writing list of installed files to '/root/ws/build/my_turtle_pkg/install.log'
[2.374s] Invoked command in '/root/ws/src/my_turtle_pkg' returned '0': PYTHONPATH=/root/ws/build/my_turtle_pkg/prefix_override:/usr/lib/python3/dist-packages/colcon_core/task/python/colcon_distutils_commands:/root/ws/install/my_turtle_pkg/lib/python3.12/site-packages:${PYTHONPATH} /usr/bin/python3 -W ignore:setup.py install is deprecated -W ignore:easy_install command is deprecated setup.py egg_info --egg-base ../../build/my_turtle_pkg build --build-base /root/ws/build/my_turtle_pkg/build install --record /root/ws/build/my_turtle_pkg/install.log --single-version-externally-managed install_data
