[2.286s] Invoking command in '/root/ws/src/my_turtle_pkg': PYTHONPATH=/root/ws/build/my_turtle_pkg/prefix_override:/usr/lib/python3/dist-packages/colcon_core/task/python/colcon_distutils_commands:/root/ws/install/my_turtle_pkg/lib/python3.12/site-packages:${PYTHONPATH} /usr/bin/python3 -W ignore:setup.py install is deprecated -W ignore:easy_install command is deprecated setup.py egg_info --egg-base ../../build/my_turtle_pkg build --build-base /root/ws/build/my_turtle_pkg/build install --record /root/ws/build/my_turtle_pkg/install.log --single-version-externally-managed install_data
[3.022s] running egg_info
[3.158s] writing ../../build/my_turtle_pkg/my_turtle_pkg.egg-info/PKG-INFO
[3.158s] writing dependency_links to ../../build/my_turtle_pkg/my_turtle_pkg.egg-info/dependency_links.txt
[3.158s] writing entry points to ../../build/my_turtle_pkg/my_turtle_pkg.egg-info/entry_points.txt
[3.158s] writing requirements to ../../build/my_turtle_pkg/my_turtle_pkg.egg-info/requires.txt
[3.158s] writing top-level names to ../../build/my_turtle_pkg/my_turtle_pkg.egg-info/top_level.txt
[3.303s] reading manifest file '../../build/my_turtle_pkg/my_turtle_pkg.egg-info/SOURCES.txt'
[3.304s] writing manifest file '../../build/my_turtle_pkg/my_turtle_pkg.egg-info/SOURCES.txt'
[3.306s] running build
[3.306s] running build_py
[3.306s] running install
[3.312s] running install_lib
[3.342s] running install_data
[3.342s] running install_egg_info
[3.385s] removing '/root/ws/install/my_turtle_pkg/lib/python3.12/site-packages/my_turtle_pkg-0.0.0-py3.12.egg-info' (and everything under it)
[3.385s] Copying ../../build/my_turtle_pkg/my_turtle_pkg.egg-info to /root/ws/install/my_turtle_pkg/lib/python3.12/site-packages/my_turtle_pkg-0.0.0-py3.12.egg-info
[3.388s] running install_scripts
[3.638s] Installing circle_node script to /root/ws/install/my_turtle_pkg/lib/my_turtle_pkg
[3.638s] Installing image_listener script to /root/ws/install/my_turtle_pkg/lib/my_turtle_pkg
[3.639s] Installing image_repub script to /root/ws/install/my_turtle_pkg/lib/my_turtle_pkg
[3.639s] Installing listener script to /root/ws/install/my_turtle_pkg/lib/my_turtle_pkg
[3.639s] Installing talker script to /root/ws/install/my_turtle_pkg/lib/my_turtle_pkg
[3.639s] writing list of installed files to '/root/ws/build/my_turtle_pkg/install.log'
[3.698s] Invoked command in '/root/ws/src/my_turtle_pkg' returned '0': PYTHONPATH=/root/ws/build/my_turtle_pkg/prefix_override:/usr/lib/python3/dist-packages/colcon_core/task/python/colcon_distutils_commands:/root/ws/install/my_turtle_pkg/lib/python3.12/site-packages:${PYTHONPATH} /usr/bin/python3 -W ignore:setup.py install is deprecated -W ignore:easy_install command is deprecated setup.py egg_info --egg-base ../../build/my_turtle_pkg build --build-base /root/ws/build/my_turtle_pkg/build install --record /root/ws/build/my_turtle_pkg/install.log --single-version-externally-managed install_data
