[1.477s] Invoking command in '/root/ws/src/my_turtle_pkg': PYTHONPATH=/root/ws/build/my_turtle_pkg/prefix_override:/usr/lib/python3/dist-packages/colcon_core/task/python/colcon_distutils_commands:/root/ws/install/my_turtle_pkg/lib/python3.12/site-packages:${PYTHONPATH} /usr/bin/python3 -W ignore:setup.py install is deprecated -W ignore:easy_install command is deprecated setup.py egg_info --egg-base ../../build/my_turtle_pkg build --build-base /root/ws/build/my_turtle_pkg/build install --record /root/ws/build/my_turtle_pkg/install.log --single-version-externally-managed install_data
[1.803s] running egg_info
[1.824s] writing ../../build/my_turtle_pkg/my_turtle_pkg.egg-info/PKG-INFO
[1.825s] writing dependency_links to ../../build/my_turtle_pkg/my_turtle_pkg.egg-info/dependency_links.txt
[1.826s] writing entry points to ../../build/my_turtle_pkg/my_turtle_pkg.egg-info/entry_points.txt
[1.826s] writing requirements to ../../build/my_turtle_pkg/my_turtle_pkg.egg-info/requires.txt
[1.826s] writing top-level names to ../../build/my_turtle_pkg/my_turtle_pkg.egg-info/top_level.txt
[1.873s] reading manifest file '../../build/my_turtle_pkg/my_turtle_pkg.egg-info/SOURCES.txt'
[1.874s] writing manifest file '../../build/my_turtle_pkg/my_turtle_pkg.egg-info/SOURCES.txt'
[1.875s] running build
[1.875s] running build_py
[1.877s] running install
[1.884s] running install_lib
[1.908s] running install_data
[1.911s] running install_egg_info
[1.935s] removing '/root/ws/install/my_turtle_pkg/lib/python3.12/site-packages/my_turtle_pkg-0.0.0-py3.12.egg-info' (and everything under it)
[1.935s] Copying ../../build/my_turtle_pkg/my_turtle_pkg.egg-info to /root/ws/install/my_turtle_pkg/lib/python3.12/site-packages/my_turtle_pkg-0.0.0-py3.12.egg-info
[1.937s] running install_scripts
[2.092s] Installing circle_node script to /root/ws/install/my_turtle_pkg/lib/my_turtle_pkg
[2.092s] Installing image_listener script to /root/ws/install/my_turtle_pkg/lib/my_turtle_pkg
[2.093s] Installing image_repub script to /root/ws/install/my_turtle_pkg/lib/my_turtle_pkg
[2.093s] Installing listener script to /root/ws/install/my_turtle_pkg/lib/my_turtle_pkg
[2.093s] Installing talker script to /root/ws/install/my_turtle_pkg/lib/my_turtle_pkg
[2.094s] writing list of installed files to '/root/ws/build/my_turtle_pkg/install.log'
[2.127s] Invoked command in '/root/ws/src/my_turtle_pkg' returned '0': PYTHONPATH=/root/ws/build/my_turtle_pkg/prefix_override:/usr/lib/python3/dist-packages/colcon_core/task/python/colcon_distutils_commands:/root/ws/install/my_turtle_pkg/lib/python3.12/site-packages:${PYTHONPATH} /usr/bin/python3 -W ignore:setup.py install is deprecated -W ignore:easy_install command is deprecated setup.py egg_info --egg-base ../../build/my_turtle_pkg build --build-base /root/ws/build/my_turtle_pkg/build install --record /root/ws/build/my_turtle_pkg/install.log --single-version-externally-managed install_data
